{"meta": {"format": 3, "version": "7.13.4", "timestamp": "2026-02-16T19:51:33.086024", "branch_coverage": false, "show_contexts": false}, "files": {"app.py": {"executed_lines": [], "summary": {"covered_lines": 0, "num_statements": 65, "percent_covered": 0.0, "percent_covered_display": "0", "missing_lines": 65, "excluded_lines": 0, "percent_statements_covered": 0.0, "percent_statements_covered_display": "0"}, "missing_lines": [2, 3, 4, 5, 6, 7, 9, 10, 11, 12, 13, 15, 16, 19, 21, 22, 24, 26, 27, 29, 36, 37, 39, 40, 41, 44, 47, 48, 49, 52, 54, 55, 56, 57, 58, 60, 61, 62, 64, 86, 87, 89, 90, 92, 93, 95, 96, 97, 100, 103, 104, 107, 109, 110, 112, 113, 115, 116, 119, 121, 123, 124, 126, 128, 131], "excluded_lines": [], "functions": {"index": {"executed_lines": [], "summary": {"covered_lines": 0, "num_statements": 1, "percent_covered": 0.0, "percent_covered_display": "0", "missing_lines": 1, "excluded_lines": 0, "percent_statements_covered": 0.0, "percent_statements_covered_display": "0"}, "missing_lines": [24], "excluded_lines": [], "start_line": 22}, "get_config": {"executed_lines": [], "summary": {"covered_lines": 0, "num_statements": 1, "percent_covered": 0.0, "percent_covered_display": "0", "missing_lines": 1, "excluded_lines": 0, "percent_statements_covered": 0.0, "percent_statements_covered_display": "0"}, "missing_lines": [29], "excluded_lines": [], "start_line": 27}, "run_demo_backtest": {"executed_lines": [], "summary": {"covered_lines": 0, "num_statements": 21, "percent_covered": 0.0, "percent_covered_display": "0", "missing_lines": 21, "excluded_lines": 0, "percent_statements_covered": 0.0, "percent_statements_covered_display": "0"}, "missing_lines": [39, 40, 41, 44, 47, 48, 49, 52, 54, 55, 56, 57, 58, 60, 61, 62, 64, 86, 87, 89, 90], "excluded_lines": [], "start_line": 37}, "export_backtest": {"executed_lines": [], "summary": {"covered_lines": 0, "num_statements": 9, "percent_covered": 0.0, "percent_covered_display": "0", "missing_lines": 9, "excluded_lines": 0, "percent_statements_covered": 0.0, "percent_statements_covered_display": "0"}, "missing_lines": [95, 96, 97, 100, 103, 104, 107, 109, 110], "excluded_lines": [], "start_line": 93}, "manage_parameters": {"executed_lines": [], "summary": {"covered_lines": 0, "num_statements": 4, "percent_covered": 0.0, "percent_covered_display": "0", "missing_lines": 4, "excluded_lines": 0, "percent_statements_covered": 0.0, "percent_statements_covered_display": "0"}, "missing_lines": [115, 116, 119, 121], "excluded_lines": [], "start_line": 113}, "health_check": {"executed_lines": [], "summary": {"covered_lines": 0, "num_statements": 1, "percent_covered": 0.0, "percent_covered_display": "0", "missing_lines": 1, "excluded_lines": 0, "percent_statements_covered": 0.0, "percent_statements_covered_display": "0"}, "missing_lines": [126], "excluded_lines": [], "start_line": 124}, "": {"executed_lines": [], "summary": {"covered_lines": 0, "num_statements": 28, "percent_covered": 0.0, "percent_covered_display": "0", "missing_lines": 28, "excluded_lines": 0, "percent_statements_covered": 0.0, "percent_statements_covered_display": "0"}, "missing_lines": [2, 3, 4, 5, 6, 7, 9, 10, 11, 12, 13, 15, 16, 19, 21, 22, 26, 27, 36, 37, 92, 93, 112, 113, 123, 124, 128, 131], "excluded_lines": [], "start_line": 1}}, "classes": {"": {"executed_lines": [], "summary": {"covered_lines": 0, "num_statements": 65, "percent_covered": 0.0, "percent_covered_display": "0", "missing_lines": 65, "excluded_lines": 0, "percent_statements_covered": 0.0, "percent_statements_covered_display": "0"}, "missing_lines": [2, 3, 4, 5, 6, 7, 9, 10, 11, 12, 13, 15, 16, 19, 21, 22, 24, 26, 27, 29, 36, 37, 39, 40, 41, 44, 47, 48, 49, 52, 54, 55, 56, 57, 58, 60, 61, 62, 64, 86, 87, 89, 90, 92, 93, 95, 96, 97, 100, 103, 104, 107, 109, 110, 112, 113, 115, 116, 119, 121, 123, 124, 126, 128, 131], "excluded_lines": [], "start_line": 1}}}, "app_with_cache.py": {"executed_lines": [], "summary": {"covered_lines": 0, "num_statements": 304, "percent_covered": 0.0, "percent_covered_display": "0", "missing_lines": 304, "excluded_lines": 0, "percent_statements_covered": 0.0, "percent_statements_covered_display": "0"}, "missing_lines": [2, 3, 4, 5, 6, 7, 8, 10, 11, 12, 13, 14, 15, 16, 17, 19, 20, 23, 24, 27, 29, 30, 32, 34, 35, 37, 39, 40, 42, 49, 50, 52, 53, 54, 61, 62, 64, 65, 67, 68, 69, 71, 72, 75, 77, 78, 87, 92, 93, 95, 96, 98, 99, 100, 102, 103, 106, 108, 109, 114, 119, 120, 122, 123, 125, 126, 134, 138, 139, 141, 142, 144, 146, 149, 159, 160, 161, 162, 163, 164, 166, 168, 171, 172, 174, 175, 177, 178, 180, 181, 183, 186, 187, 189, 192, 193, 194, 195, 196, 199, 200, 203, 205, 211, 212, 214, 215, 217, 219, 220, 222, 223, 226, 227, 230, 231, 237, 238, 240, 247, 248, 250, 251, 253, 254, 255, 256, 257, 259, 262, 263, 264, 266, 269, 271, 272, 275, 276, 277, 278, 279, 280, 283, 284, 294, 295, 297, 308, 309, 310, 311, 312, 313, 315, 316, 318, 319, 320, 322, 327, 328, 330, 331, 333, 334, 335, 336, 337, 343, 344, 345, 347, 349, 354, 355, 357, 358, 360, 361, 363, 364, 369, 374, 375, 377, 378, 380, 381, 382, 383, 384, 387, 388, 390, 391, 393, 396, 403, 404, 407, 409, 411, 414, 415, 416, 417, 418, 420, 421, 427, 428, 429, 432, 433, 434, 435, 445, 457, 458, 459, 460, 462, 463, 465, 466, 467, 469, 471, 476, 477, 479, 480, 482, 483, 484, 488, 489, 491, 492, 494, 495, 496, 499, 500, 501, 507, 509, 510, 516, 521, 522, 524, 525, 527, 528, 530, 531, 537, 542, 543, 545, 546, 548, 549, 551, 552, 557, 559, 560, 562, 563, 564, 565, 570, 571, 576, 581, 582, 583, 584, 589, 590, 591, 592, 598, 603, 605, 606, 608, 609, 610, 611, 612, 613, 614, 615, 620, 625, 626, 628, 629, 631, 637, 638], "excluded_lines": [], "functions": {"index": {"executed_lines": [], "summary": {"covered_lines": 0, "num_statements": 1, "percent_covered": 0.0, "percent_covered_display": "0", "missing_lines": 1, "excluded_lines": 0, "percent_statements_covered": 0.0, "percent_statements_covered_display": "0"}, "missing_lines": [32], "excluded_lines": [], "start_line": 30}, "parameters_page": {"executed_lines": [], "summary": {"covered_lines": 0, "num_statements": 1, "percent_covered": 0.0, "percent_covered_display": "0", "missing_lines": 1, "excluded_lines": 0, "percent_statements_covered": 0.0, "percent_statements_covered_display": "0"}, "missing_lines": [37], "excluded_lines": [], "start_line": 35}, "get_config": {"executed_lines": [], "summary": {"covered_lines": 0, "num_statements": 1, "percent_covered": 0.0, "percent_covered_display": "0", "missing_lines": 1, "excluded_lines": 0, "percent_statements_covered": 0.0, "percent_statements_covered_display": "0"}, "missing_lines": [42], "excluded_lines": [], "start_line": 40}, "get_cache_status": {"executed_lines": [], "summary": {"covered_lines": 0, "num_statements": 5, "percent_covered": 0.0, "percent_covered_display": "0", "missing_lines": 5, "excluded_lines": 0, "percent_statements_covered": 0.0, "percent_statements_covered_display": "0"}, "missing_lines": [52, 53, 54, 61, 62], "excluded_lines": [], "start_line": 50}, "fetch_data": {"executed_lines": [], "summary": {"covered_lines": 0, "num_statements": 11, "percent_covered": 0.0, "percent_covered_display": "0", "missing_lines": 11, "excluded_lines": 0, "percent_statements_covered": 0.0, "percent_statements_covered_display": "0"}, "missing_lines": [67, 68, 69, 71, 72, 75, 77, 78, 87, 92, 93], "excluded_lines": [], "start_line": 65}, "update_data": {"executed_lines": [], "summary": {"covered_lines": 0, "num_statements": 11, "percent_covered": 0.0, "percent_covered_display": "0", "missing_lines": 11, "excluded_lines": 0, "percent_statements_covered": 0.0, "percent_statements_covered_display": "0"}, "missing_lines": [98, 99, 100, 102, 103, 106, 108, 109, 114, 119, 120], "excluded_lines": [], "start_line": 96}, "get_sectors": {"executed_lines": [], "summary": {"covered_lines": 0, "num_statements": 5, "percent_covered": 0.0, "percent_covered_display": "0", "missing_lines": 5, "excluded_lines": 0, "percent_statements_covered": 0.0, "percent_statements_covered_display": "0"}, "missing_lines": [125, 126, 134, 138, 139], "excluded_lines": [], "start_line": 123}, "get_cached_stocks": {"executed_lines": [], "summary": {"covered_lines": 0, "num_statements": 21, "percent_covered": 0.0, "percent_covered_display": "0", "missing_lines": 21, "excluded_lines": 0, "percent_statements_covered": 0.0, "percent_statements_covered_display": "0"}, "missing_lines": [144, 146, 149, 159, 160, 161, 162, 163, 164, 166, 192, 193, 194, 195, 196, 199, 200, 203, 205, 211, 212], "excluded_lines": [], "start_line": 142}, "get_cached_stocks.categorize_stock": {"executed_lines": [], "summary": {"covered_lines": 0, "num_statements": 13, "percent_covered": 0.0, "percent_covered_display": "0", "missing_lines": 13, "excluded_lines": 0, "percent_statements_covered": 0.0, "percent_statements_covered_display": "0"}, "missing_lines": [168, 171, 172, 174, 175, 177, 178, 180, 181, 183, 186, 187, 189], "excluded_lines": [], "start_line": 166}, "batch_fetch_data": {"executed_lines": [], "summary": {"covered_lines": 0, "num_statements": 13, "percent_covered": 0.0, "percent_covered_display": "0", "missing_lines": 13, "excluded_lines": 0, "percent_statements_covered": 0.0, "percent_statements_covered_display": "0"}, "missing_lines": [217, 219, 220, 222, 223, 226, 230, 231, 237, 238, 240, 247, 248], "excluded_lines": [], "start_line": 215}, "batch_fetch_data.fetch_batch": {"executed_lines": [], "summary": {"covered_lines": 0, "num_statements": 1, "percent_covered": 0.0, "percent_covered_display": "0", "missing_lines": 1, "excluded_lines": 0, "percent_statements_covered": 0.0, "percent_statements_covered_display": "0"}, "missing_lines": [227], "excluded_lines": [], "start_line": 226}, "batch_fetch_sector_data": {"executed_lines": [], "summary": {"covered_lines": 0, "num_statements": 25, "percent_covered": 0.0, "percent_covered_display": "0", "missing_lines": 25, "excluded_lines": 0, "percent_statements_covered": 0.0, "percent_statements_covered_display": "0"}, "missing_lines": [253, 254, 255, 256, 257, 259, 262, 263, 264, 266, 269, 271, 272, 275, 283, 284, 294, 295, 297, 308, 309, 310, 311, 312, 313], "excluded_lines": [], "start_line": 251}, "batch_fetch_sector_data.fetch_sector_batch": {"executed_lines": [], "summary": {"covered_lines": 0, "num_statements": 5, "percent_covered": 0.0, "percent_covered_display": "0", "missing_lines": 5, "excluded_lines": 0, "percent_statements_covered": 0.0, "percent_statements_covered_display": "0"}, "missing_lines": [276, 277, 278, 279, 280], "excluded_lines": [], "start_line": 275}, "get_strategies": {"executed_lines": [], "summary": {"covered_lines": 0, "num_statements": 6, "percent_covered": 0.0, "percent_covered_display": "0", "missing_lines": 6, "excluded_lines": 0, "percent_statements_covered": 0.0, "percent_statements_covered_display": "0"}, "missing_lines": [318, 319, 320, 322, 327, 328], "excluded_lines": [], "start_line": 316}, "manage_current_strategy": {"executed_lines": [], "summary": {"covered_lines": 0, "num_statements": 12, "percent_covered": 0.0, "percent_covered_display": "0", "missing_lines": 12, "excluded_lines": 0, "percent_statements_covered": 0.0, "percent_statements_covered_display": "0"}, "missing_lines": [333, 334, 335, 336, 337, 343, 344, 345, 347, 349, 354, 355], "excluded_lines": [], "start_line": 331}, "get_strategy_params_endpoint": {"executed_lines": [], "summary": {"covered_lines": 0, "num_statements": 7, "percent_covered": 0.0, "percent_covered_display": "0", "missing_lines": 7, "excluded_lines": 0, "percent_statements_covered": 0.0, "percent_statements_covered_display": "0"}, "missing_lines": [360, 361, 363, 364, 369, 374, 375], "excluded_lines": [], "start_line": 358}, "run_backtest_with_cache": {"executed_lines": [], "summary": {"covered_lines": 0, "num_statements": 35, "percent_covered": 0.0, "percent_covered_display": "0", "missing_lines": 35, "excluded_lines": 0, "percent_statements_covered": 0.0, "percent_statements_covered_display": "0"}, "missing_lines": [380, 381, 382, 383, 384, 387, 388, 390, 391, 393, 396, 403, 404, 407, 409, 411, 414, 415, 416, 417, 418, 420, 421, 427, 428, 429, 432, 433, 434, 435, 445, 457, 458, 459, 460], "excluded_lines": [], "start_line": 378}, "clear_cache": {"executed_lines": [], "summary": {"covered_lines": 0, "num_statements": 7, "percent_covered": 0.0, "percent_covered_display": "0", "missing_lines": 7, "excluded_lines": 0, "percent_statements_covered": 0.0, "percent_statements_covered_display": "0"}, "missing_lines": [465, 466, 467, 469, 471, 476, 477], "excluded_lines": [], "start_line": 463}, "get_parameters": {"executed_lines": [], "summary": {"covered_lines": 0, "num_statements": 5, "percent_covered": 0.0, "percent_covered_display": "0", "missing_lines": 5, "excluded_lines": 0, "percent_statements_covered": 0.0, "percent_statements_covered_display": "0"}, "missing_lines": [482, 483, 484, 488, 489], "excluded_lines": [], "start_line": 480}, "update_parameters": {"executed_lines": [], "summary": {"covered_lines": 0, "num_statements": 12, "percent_covered": 0.0, "percent_covered_display": "0", "missing_lines": 12, "excluded_lines": 0, "percent_statements_covered": 0.0, "percent_statements_covered_display": "0"}, "missing_lines": [494, 495, 496, 499, 500, 501, 507, 509, 510, 516, 521, 522], "excluded_lines": [], "start_line": 492}, "reset_parameters": {"executed_lines": [], "summary": {"covered_lines": 0, "num_statements": 7, "percent_covered": 0.0, "percent_covered_display": "0", "missing_lines": 7, "excluded_lines": 0, "percent_statements_covered": 0.0, "percent_statements_covered_display": "0"}, "missing_lines": [527, 528, 530, 531, 537, 542, 543], "excluded_lines": [], "start_line": 525}, "manage_preset": {"executed_lines": [], "summary": {"covered_lines": 0, "num_statements": 37, "percent_covered": 0.0, "percent_covered_display": "0", "missing_lines": 37, "excluded_lines": 0, "percent_statements_covered": 0.0, "percent_statements_covered_display": "0"}, "missing_lines": [548, 549, 551, 552, 557, 559, 560, 562, 563, 564, 565, 570, 571, 576, 581, 582, 583, 584, 589, 590, 591, 592, 598, 603, 605, 606, 608, 609, 610, 611, 612, 613, 614, 615, 620, 625, 626], "excluded_lines": [], "start_line": 546}, "health_check": {"executed_lines": [], "summary": {"covered_lines": 0, "num_statements": 1, "percent_covered": 0.0, "percent_covered_display": "0", "missing_lines": 1, "excluded_lines": 0, "percent_statements_covered": 0.0, "percent_statements_covered_display": "0"}, "missing_lines": [631], "excluded_lines": [], "start_line": 629}, "": {"executed_lines": [], "summary": {"covered_lines": 0, "num_statements": 62, "percent_covered": 0.0, "percent_covered_display": "0", "missing_lines": 62, "excluded_lines": 0, "percent_statements_covered": 0.0, "percent_statements_covered_display": "0"}, "missing_lines": [2, 3, 4, 5, 6, 7, 8, 10, 11, 12, 13, 14, 15, 16, 17, 19, 20, 23, 24, 27, 29, 30, 34, 35, 39, 40, 49, 50, 64, 65, 95, 96, 122, 123, 141, 142, 214, 215, 250, 251, 315, 316, 330, 331, 357, 358, 377, 378, 462, 463, 479, 480, 491, 492, 524, 525, 545, 546, 628, 629, 637, 638], "excluded_lines": [], "start_line": 1}}, "classes": {"": {"executed_lines": [], "summary": {"covered_lines": 0, "num_statements": 304, "percent_covered": 0.0, "percent_covered_display": "0", "missing_lines": 304, "excluded_lines": 0, "percent_statements_covered": 0.0, "percent_statements_covered_display": "0"}, "missing_lines": [2, 3, 4, 5, 6, 7, 8, 10, 11, 12, 13, 14, 15, 16, 17, 19, 20, 23, 24, 27, 29, 30, 32, 34, 35, 37, 39, 40, 42, 49, 50, 52, 53, 54, 61, 62, 64, 65, 67, 68, 69, 71, 72, 75, 77, 78, 87, 92, 93, 95, 96, 98, 99, 100, 102, 103, 106, 108, 109, 114, 119, 120, 122, 123, 125, 126, 134, 138, 139, 141, 142, 144, 146, 149, 159, 160, 161, 162, 163, 164, 166, 168, 171, 172, 174, 175, 177, 178, 180, 181, 183, 186, 187, 189, 192, 193, 194, 195, 196, 199, 200, 203, 205, 211, 212, 214, 215, 217, 219, 220, 222, 223, 226, 227, 230, 231, 237, 238, 240, 247, 248, 250, 251, 253, 254, 255, 256, 257, 259, 262, 263, 264, 266, 269, 271, 272, 275, 276, 277, 278, 279, 280, 283, 284, 294, 295, 297, 308, 309, 310, 311, 312, 313, 315, 316, 318, 319, 320, 322, 327, 328, 330, 331, 333, 334, 335, 336, 337, 343, 344, 345, 347, 349, 354, 355, 357, 358, 360, 361, 363, 364, 369, 374, 375, 377, 378, 380, 381, 382, 383, 384, 387, 388, 390, 391, 393, 396, 403, 404, 407, 409, 411, 414, 415, 416, 417, 418, 420, 421, 427, 428, 429, 432, 433, 434, 435, 445, 457, 458, 459, 460, 462, 463, 465, 466, 467, 469, 471, 476, 477, 479, 480, 482, 483, 484, 488, 489, 491, 492, 494, 495, 496, 499, 500, 501, 507, 509, 510, 516, 521, 522, 524, 525, 527, 528, 530, 531, 537, 542, 543, 545, 546, 548, 549, 551, 552, 557, 559, 560, 562, 563, 564, 565, 570, 571, 576, 581, 582, 583, 584, 589, 590, 591, 592, 598, 603, 605, 606, 608, 609, 610, 611, 612, 613, 614, 615, 620, 625, 626, 628, 629, 631, 637, 638], "excluded_lines": [], "start_line": 1}}}, "backtest_demo.py": {"executed_lines": [], "summary": {"covered_lines": 0, "num_statements": 55, "percent_covered": 0.0, "percent_covered_display": "0", "missing_lines": 55, "excluded_lines": 0, "percent_statements_covered": 0.0, "percent_statements_covered_display": "0"}, "missing_lines": [2, 3, 5, 6, 7, 8, 9, 11, 12, 13, 14, 17, 19, 20, 21, 24, 25, 27, 28, 29, 31, 32, 35, 36, 37, 39, 42, 44, 45, 46, 47, 48, 50, 51, 52, 53, 54, 55, 56, 59, 60, 62, 63, 64, 66, 67, 70, 72, 73, 74, 75, 76, 77, 79, 80], "excluded_lines": [], "functions": {"": {"executed_lines": [], "summary": {"covered_lines": 0, "num_statements": 55, "percent_covered": 0.0, "percent_covered_display": "0", "missing_lines": 55, "excluded_lines": 0, "percent_statements_covered": 0.0, "percent_statements_covered_display": "0"}, "missing_lines": [2, 3, 5, 6, 7, 8, 9, 11, 12, 13, 14, 17, 19, 20, 21, 24, 25, 27, 28, 29, 31, 32, 35, 36, 37, 39, 42, 44, 45, 46, 47, 48, 50, 51, 52, 53, 54, 55, 56, 59, 60, 62, 63, 64, 66, 67, 70, 72, 73, 74, 75, 76, 77, 79, 80], "excluded_lines": [], "start_line": 1}}, "classes": {"": {"executed_lines": [], "summary": {"covered_lines": 0, "num_statements": 55, "percent_covered": 0.0, "percent_covered_display": "0", "missing_lines": 55, "excluded_lines": 0, "percent_statements_covered": 0.0, "percent_statements_covered_display": "0"}, "missing_lines": [2, 3, 5, 6, 7, 8, 9, 11, 12, 13, 14, 17, 19, 20, 21, 24, 25, 27, 28, 29, 31, 32, 35, 36, 37, 39, 42, 44, 45, 46, 47, 48, 50, 51, 52, 53, 54, 55, 56, 59, 60, 62, 63, 64, 66, 67, 70, 72, 73, 74, 75, 76, 77, 79, 80], "excluded_lines": [], "start_line": 1}}}, "backtest_engine.py": {"executed_lines": [2, 3, 4, 7, 10, 11, 12, 14, 16, 18, 19, 30, 33, 34, 35, 36, 37, 40, 41, 42, 45, 47, 59, 62, 64, 65, 66, 68, 69, 70, 72, 74, 75, 77, 78, 89, 90, 91, 92, 94, 95, 96, 97, 98, 99, 101, 102, 110, 111, 112, 114, 128], "summary": {"covered_lines": 52, "num_statements": 66, "percent_covered": 78.78787878787878, "percent_covered_display": "79", "missing_lines": 14, "excluded_lines": 0, "percent_statements_covered": 78.78787878787878, "percent_statements_covered_display": "79"}, "missing_lines": [129, 130, 132, 133, 134, 135, 136, 138, 139, 140, 141, 142, 143, 144], "excluded_lines": [], "functions": {"BacktestEngine.__init__": {"executed_lines": [11, 12], "summary": {"covered_lines": 2, "num_statements": 2, "percent_covered": 100.0, "percent_covered_display": "100", "missing_lines": 0, "excluded_lines": 0, "percent_statements_covered": 100.0, "percent_statements_covered_display": "100"}, "missing_lines": [], "excluded_lines": [], "start_line": 10}, "BacktestEngine.run_single_stock": {"executed_lines": [16, 18, 19, 30, 33, 34, 35, 36, 37, 40, 41, 42, 45, 47], "summary": {"covered_lines": 14, "num_statements": 14, "percent_covered": 100.0, "percent_covered_display": "100", "missing_lines": 0, "excluded_lines": 0, "percent_statements_covered": 100.0, "percent_statements_covered_display": "100"}, "missing_lines": [], "excluded_lines": [], "start_line": 14}, "BacktestEngine.run_multiple_stocks": {"executed_lines": [62, 64, 65, 66, 68, 69, 70, 72], "summary": {"covered_lines": 8, "num_statements": 8, "percent_covered": 100.0, "percent_covered_display": "100", "missing_lines": 0, "excluded_lines": 0, "percent_statements_covered": 100.0, "percent_statements_covered_display": "100"}, "missing_lines": [], "excluded_lines": [], "start_line": 59}, "BacktestEngine.aggregate_results": {"executed_lines": [77, 78, 89, 90, 91, 92, 94, 95, 96, 97, 98, 99, 101, 102, 110, 111, 112, 114], "summary": {"covered_lines": 18, "num_statements": 18, "percent_covered": 100.0, "percent_covered_display": "100", "missing_lines": 0, "excluded_lines": 0, "percent_statements_covered": 100.0, "percent_statements_covered_display": "100"}, "missing_lines": [], "excluded_lines": [], "start_line": 75}, "": {"executed_lines": [2, 3, 4, 7, 10, 14, 59, 74, 75, 128], "summary": {"covered_lines": 10, "num_statements": 24, "percent_covered": 41.666666666666664, "percent_covered_display": "42", "missing_lines": 14, "excluded_lines": 0, "percent_statements_covered": 41.666666666666664, "percent_statements_covered_display": "42"}, "missing_lines": [129, 130, 132, 133, 134, 135, 136, 138, 139, 140, 141, 142, 143, 144], "excluded_lines": [], "start_line": 1}}, "classes": {"BacktestEngine": {"executed_lines": [11, 12, 16, 18, 19, 30, 33, 34, 35, 36, 37, 40, 41, 42, 45, 47, 62, 64, 65, 66, 68, 69, 70, 72, 77, 78, 89, 90, 91, 92, 94, 95, 96, 97, 98, 99, 101, 102, 110, 111, 112, 114], "summary": {"covered_lines": 42, "num_statements": 42, "percent_covered": 100.0, "percent_covered_display": "100", "missing_lines": 0, "excluded_lines": 0, "percent_statements_covered": 100.0, "percent_statements_covered_display": "100"}, "missing_lines": [], "excluded_lines": [], "start_line": 7}, "": {"executed_lines": [2, 3, 4, 7, 10, 14, 59, 74, 75, 128], "summary": {"covered_lines": 10, "num_statements": 24, "percent_covered": 41.666666666666664, "percent_covered_display": "42", "missing_lines": 14, "excluded_lines": 0, "percent_statements_covered": 41.666666666666664, "percent_statements_covered_display": "42"}, "missing_lines": [129, 130, 132, 133, 134, 135, 136, 138, 139, 140, 141, 142, 143, 144], "excluded_lines": [], "start_line": 1}}}, "backtest_with_cache.py": {"executed_lines": [], "summary": {"covered_lines": 0, "num_statements": 108, "percent_covered": 0.0, "percent_covered_display": "0", "missing_lines": 108, "excluded_lines": 0, "percent_statements_covered": 0.0, "percent_statements_covered_display": "0"}, "missing_lines": [2, 3, 5, 6, 7, 8, 9, 10, 12, 14, 15, 16, 18, 19, 22, 25, 28, 29, 31, 32, 34, 35, 36, 38, 41, 42, 44, 45, 46, 47, 48, 50, 52, 53, 54, 55, 56, 58, 61, 63, 64, 66, 67, 70, 72, 73, 75, 76, 77, 78, 79, 80, 81, 84, 87, 97, 98, 99, 102, 103, 104, 105, 106, 108, 109, 110, 111, 112, 115, 116, 117, 118, 119, 120, 123, 125, 126, 127, 128, 129, 130, 133, 134, 135, 136, 137, 139, 140, 143, 145, 146, 147, 148, 149, 150, 152, 153, 154, 155, 156, 157, 158, 159, 160, 162, 163, 165, 166], "excluded_lines": [], "functions": {"print_section": {"executed_lines": [], "summary": {"covered_lines": 0, "num_statements": 3, "percent_covered": 0.0, "percent_covered_display": "0", "missing_lines": 3, "excluded_lines": 0, "percent_statements_covered": 0.0, "percent_statements_covered_display": "0"}, "missing_lines": [14, 15, 16], "excluded_lines": [], "start_line": 12}, "main": {"executed_lines": [], "summary": {"covered_lines": 0, "num_statements": 93, "percent_covered": 0.0, "percent_covered_display": "0", "missing_lines": 93, "excluded_lines": 0, "percent_statements_covered": 0.0, "percent_statements_covered_display": "0"}, "missing_lines": [19, 22, 25, 28, 29, 31, 32, 34, 35, 36, 38, 41, 42, 44, 45, 46, 47, 48, 50, 52, 53, 54, 55, 56, 58, 61, 63, 64, 66, 67, 70, 72, 73, 75, 76, 77, 78, 79, 80, 81, 84, 87, 97, 98, 99, 102, 103, 104, 105, 106, 108, 109, 110, 111, 112, 115, 116, 117, 118, 119, 120, 123, 125, 126, 127, 128, 129, 130, 133, 134, 135, 136, 137, 139, 140, 143, 145, 146, 147, 148, 149, 150, 152, 153, 154, 155, 156, 157, 158, 159, 160, 162, 163], "excluded_lines": [], "start_line": 18}, "": {"executed_lines": [], "summary": {"covered_lines": 0, "num_statements": 12, "percent_covered": 0.0, "percent_covered_display": "0", "missing_lines": 12, "excluded_lines": 0, "percent_statements_covered": 0.0, "percent_statements_covered_display": "0"}, "missing_lines": [2, 3, 5, 6, 7, 8, 9, 10, 12, 18, 165, 166], "excluded_lines": [], "start_line": 1}}, "classes": {"": {"executed_lines": [], "summary": {"covered_lines": 0, "num_statements": 108, "percent_covered": 0.0, "percent_covered_display": "0", "missing_lines": 108, "excluded_lines": 0, "percent_statements_covered": 0.0, "percent_statements_covered_display": "0"}, "missing_lines": [2, 3, 5, 6, 7, 8, 9, 10, 12, 14, 15, 16, 18, 19, 22, 25, 28, 29, 31, 32, 34, 35, 36, 38, 41, 42, 44, 45, 46, 47, 48, 50, 52, 53, 54, 55, 56, 58, 61, 63, 64, 66, 67, 70, 72, 73, 75, 76, 77, 78, 79, 80, 81, 84, 87, 97, 98, 99, 102, 103, 104, 105, 106, 108, 109, 110, 111, 112, 115, 116, 117, 118, 119, 120, 123, 125, 126, 127, 128, 129, 130, 133, 134, 135, 136, 137, 139, 140, 143, 145, 146, 147, 148, 149, 150, 152, 153, 154, 155, 156, 157, 158, 159, 160, 162, 163, 165, 166], "excluded_lines": [], "start_line": 1}}}, "config.py": {"executed_lines": [2, 3, 6, 15, 44, 47, 58, 83, 113, 147, 175, 178, 179, 180], "summary": {"covered_lines": 14, "num_statements": 14, "percent_covered": 100.0, "percent_covered_display": "100", "missing_lines": 0, "excluded_lines": 0, "percent_statements_covered": 100.0, "percent_statements_covered_display": "100"}, "missing_lines": [], "excluded_lines": [], "functions": {"": {"executed_lines": [2, 3, 6, 15, 44, 47, 58, 83, 113, 147, 175, 178, 179, 180], "summary": {"covered_lines": 14, "num_statements": 14, "percent_covered": 100.0, "percent_covered_display": "100", "missing_lines": 0, "excluded_lines": 0, "percent_statements_covered": 100.0, "percent_statements_covered_display": "100"}, "missing_lines": [], "excluded_lines": [], "start_line": 1}}, "classes": {"": {"executed_lines": [2, 3, 6, 15, 44, 47, 58, 83, 113, 147, 175, 178, 179, 180], "summary": {"covered_lines": 14, "num_statements": 14, "percent_covered": 100.0, "percent_covered_display": "100", "missing_lines": 0, "excluded_lines": 0, "percent_statements_covered": 100.0, "percent_statements_covered_display": "100"}, "missing_lines": [], "excluded_lines": [], "start_line": 1}}}, "config_manager.py": {"executed_lines": [], "summary": {"covered_lines": 0, "num_statements": 198, "percent_covered": 0.0, "percent_covered_display": "0", "missing_lines": 198, "excluded_lines": 0, "percent_statements_covered": 0.0, "percent_statements_covered_display": "0"}, "missing_lines": [2, 3, 4, 6, 8, 11, 12, 13, 14, 15, 17, 19, 20, 21, 22, 24, 25, 26, 29, 30, 31, 32, 33, 35, 36, 38, 40, 41, 45, 46, 47, 48, 49, 50, 52, 54, 56, 66, 67, 68, 71, 74, 75, 77, 79, 81, 83, 84, 85, 86, 92, 93, 94, 95, 101, 102, 103, 104, 110, 111, 112, 113, 119, 120, 121, 122, 128, 129, 130, 131, 137, 138, 139, 144, 146, 147, 152, 154, 155, 156, 158, 160, 162, 171, 173, 182, 184, 186, 187, 188, 189, 191, 193, 195, 196, 198, 199, 200, 201, 203, 209, 211, 212, 213, 215, 216, 218, 219, 221, 222, 223, 225, 227, 229, 230, 231, 232, 234, 235, 236, 237, 239, 241, 250, 252, 254, 256, 257, 259, 260, 261, 262, 264, 266, 268, 269, 271, 272, 274, 276, 278, 291, 292, 294, 296, 297, 299, 300, 301, 302, 303, 304, 305, 306, 307, 308, 309, 311, 312, 313, 315, 316, 317, 318, 321, 322, 323, 325, 326, 327, 328, 330, 331, 333, 335, 336, 337, 338, 339, 341, 343, 345, 346, 347, 348, 349, 350, 351, 353, 355, 357, 358, 359, 360, 361, 362, 364, 367], "excluded_lines": [], "functions": {"ConfigManager.__init__": {"executed_lines": [], "summary": {"covered_lines": 0, "num_statements": 4, "percent_covered": 0.0, "percent_covered_display": "0", "missing_lines": 4, "excluded_lines": 0, "percent_statements_covered": 0.0, "percent_statements_covered_display": "0"}, "missing_lines": [12, 13, 14, 15], "excluded_lines": [], "start_line": 11}, "ConfigManager.load_or_init": {"executed_lines": [], "summary": {"covered_lines": 0, "num_statements": 14, "percent_covered": 0.0, "percent_covered_display": "0", "missing_lines": 14, "excluded_lines": 0, "percent_statements_covered": 0.0, "percent_statements_covered_display": "0"}, "missing_lines": [19, 20, 21, 22, 24, 25, 26, 29, 30, 31, 32, 33, 35, 36], "excluded_lines": [], "start_line": 17}, "ConfigManager.save": {"executed_lines": [], "summary": {"covered_lines": 0, "num_statements": 8, "percent_covered": 0.0, "percent_covered_display": "0", "missing_lines": 8, "excluded_lines": 0, "percent_statements_covered": 0.0, "percent_statements_covered_display": "0"}, "missing_lines": [40, 41, 45, 46, 47, 48, 49, 50], "excluded_lines": [], "start_line": 38}, "ConfigManager.get_params": {"executed_lines": [], "summary": {"covered_lines": 0, "num_statements": 1, "percent_covered": 0.0, "percent_covered_display": "0", "missing_lines": 1, "excluded_lines": 0, "percent_statements_covered": 0.0, "percent_statements_covered_display": "0"}, "missing_lines": [54], "excluded_lines": [], "start_line": 52}, "ConfigManager.update_params": {"executed_lines": [], "summary": {"covered_lines": 0, "num_statements": 7, "percent_covered": 0.0, "percent_covered_display": "0", "missing_lines": 7, "excluded_lines": 0, "percent_statements_covered": 0.0, "percent_statements_covered_display": "0"}, "missing_lines": [66, 67, 68, 71, 74, 75, 77], "excluded_lines": [], "start_line": 56}, "ConfigManager.validate_params": {"executed_lines": [], "summary": {"covered_lines": 0, "num_statements": 31, "percent_covered": 0.0, "percent_covered_display": "0", "missing_lines": 31, "excluded_lines": 0, "percent_statements_covered": 0.0, "percent_statements_covered_display": "0"}, "missing_lines": [81, 83, 84, 85, 86, 92, 93, 94, 95, 101, 102, 103, 104, 110, 111, 112, 113, 119, 120, 121, 122, 128, 129, 130, 131, 137, 138, 139, 144, 146, 147], "excluded_lines": [], "start_line": 79}, "ConfigManager.reset_to_default": {"executed_lines": [], "summary": {"covered_lines": 0, "num_statements": 4, "percent_covered": 0.0, "percent_covered_display": "0", "missing_lines": 4, "excluded_lines": 0, "percent_statements_covered": 0.0, "percent_statements_covered_display": "0"}, "missing_lines": [154, 155, 156, 158], "excluded_lines": [], "start_line": 152}, "ConfigManager.get_param_ranges": {"executed_lines": [], "summary": {"covered_lines": 0, "num_statements": 1, "percent_covered": 0.0, "percent_covered_display": "0", "missing_lines": 1, "excluded_lines": 0, "percent_statements_covered": 0.0, "percent_statements_covered_display": "0"}, "missing_lines": [162], "excluded_lines": [], "start_line": 160}, "ConfigManager.get_param_descriptions": {"executed_lines": [], "summary": {"covered_lines": 0, "num_statements": 1, "percent_covered": 0.0, "percent_covered_display": "0", "missing_lines": 1, "excluded_lines": 0, "percent_statements_covered": 0.0, "percent_statements_covered_display": "0"}, "missing_lines": [173], "excluded_lines": [], "start_line": 171}, "ConfigManager.export_preset": {"executed_lines": [], "summary": {"covered_lines": 0, "num_statements": 13, "percent_covered": 0.0, "percent_covered_display": "0", "missing_lines": 13, "excluded_lines": 0, "percent_statements_covered": 0.0, "percent_statements_covered_display": "0"}, "missing_lines": [184, 186, 187, 188, 189, 191, 193, 195, 196, 198, 199, 200, 201], "excluded_lines": [], "start_line": 182}, "ConfigManager.load_preset": {"executed_lines": [], "summary": {"covered_lines": 0, "num_statements": 11, "percent_covered": 0.0, "percent_covered_display": "0", "missing_lines": 11, "excluded_lines": 0, "percent_statements_covered": 0.0, "percent_statements_covered_display": "0"}, "missing_lines": [209, 211, 212, 213, 215, 216, 218, 219, 221, 222, 223], "excluded_lines": [], "start_line": 203}, "ConfigManager.get_all_presets": {"executed_lines": [], "summary": {"covered_lines": 0, "num_statements": 9, "percent_covered": 0.0, "percent_covered_display": "0", "missing_lines": 9, "excluded_lines": 0, "percent_statements_covered": 0.0, "percent_statements_covered_display": "0"}, "missing_lines": [227, 229, 230, 231, 232, 234, 235, 236, 237], "excluded_lines": [], "start_line": 225}, "ConfigManager.get_strategy_list": {"executed_lines": [], "summary": {"covered_lines": 0, "num_statements": 1, "percent_covered": 0.0, "percent_covered_display": "0", "missing_lines": 1, "excluded_lines": 0, "percent_statements_covered": 0.0, "percent_statements_covered_display": "0"}, "missing_lines": [241], "excluded_lines": [], "start_line": 239}, "ConfigManager.get_current_strategy": {"executed_lines": [], "summary": {"covered_lines": 0, "num_statements": 1, "percent_covered": 0.0, "percent_covered_display": "0", "missing_lines": 1, "excluded_lines": 0, "percent_statements_covered": 0.0, "percent_statements_covered_display": "0"}, "missing_lines": [252], "excluded_lines": [], "start_line": 250}, "ConfigManager.set_current_strategy": {"executed_lines": [], "summary": {"covered_lines": 0, "num_statements": 7, "percent_covered": 0.0, "percent_covered_display": "0", "missing_lines": 7, "excluded_lines": 0, "percent_statements_covered": 0.0, "percent_statements_covered_display": "0"}, "missing_lines": [256, 257, 259, 260, 261, 262, 264], "excluded_lines": [], "start_line": 254}, "ConfigManager.get_strategy_params": {"executed_lines": [], "summary": {"covered_lines": 0, "num_statements": 5, "percent_covered": 0.0, "percent_covered_display": "0", "missing_lines": 5, "excluded_lines": 0, "percent_statements_covered": 0.0, "percent_statements_covered_display": "0"}, "missing_lines": [268, 269, 271, 272, 274], "excluded_lines": [], "start_line": 266}, "ConfigManager.get_config_info": {"executed_lines": [], "summary": {"covered_lines": 0, "num_statements": 1, "percent_covered": 0.0, "percent_covered_display": "0", "missing_lines": 1, "excluded_lines": 0, "percent_statements_covered": 0.0, "percent_statements_covered_display": "0"}, "missing_lines": [278], "excluded_lines": [], "start_line": 276}, "": {"executed_lines": [], "summary": {"covered_lines": 0, "num_statements": 79, "percent_covered": 0.0, "percent_covered_display": "0", "missing_lines": 79, "excluded_lines": 0, "percent_statements_covered": 0.0, "percent_statements_covered_display": "0"}, "missing_lines": [2, 3, 4, 6, 8, 11, 17, 38, 52, 56, 79, 152, 160, 171, 182, 203, 225, 239, 250, 254, 266, 276, 291, 292, 294, 296, 297, 299, 300, 301, 302, 303, 304, 305, 306, 307, 308, 309, 311, 312, 313, 315, 316, 317, 318, 321, 322, 323, 325, 326, 327, 328, 330, 331, 333, 335, 336, 337, 338, 339, 341, 343, 345, 346, 347, 348, 349, 350, 351, 353, 355, 357, 358, 359, 360, 361, 362, 364, 367], "excluded_lines": [], "start_line": 1}}, "classes": {"ConfigManager": {"executed_lines": [], "summary": {"covered_lines": 0, "num_statements": 119, "percent_covered": 0.0, "percent_covered_display": "0", "missing_lines": 119, "excluded_lines": 0, "percent_statements_covered": 0.0, "percent_statements_covered_display": "0"}, "missing_lines": [12, 13, 14, 15, 19, 20, 21, 22, 24, 25, 26, 29, 30, 31, 32, 33, 35, 36, 40, 41, 45, 46, 47, 48, 49, 50, 54, 66, 67, 68, 71, 74, 75, 77, 81, 83, 84, 85, 86, 92, 93, 94, 95, 101, 102, 103, 104, 110, 111, 112, 113, 119, 120, 121, 122, 128, 129, 130, 131, 137, 138, 139, 144, 146, 147, 154, 155, 156, 158, 162, 173, 184, 186, 187, 188, 189, 191, 193, 195, 196, 198, 199, 200, 201, 209, 211, 212, 213, 215, 216, 218, 219, 221, 222, 223, 227, 229, 230, 231, 232, 234, 235, 236, 237, 241, 252, 256, 257, 259, 260, 261, 262, 264, 268, 269, 271, 272, 274, 278], "excluded_lines": [], "start_line": 8}, "": {"executed_lines": [], "summary": {"covered_lines": 0, "num_statements": 79, "percent_covered": 0.0, "percent_covered_display": "0", "missing_lines": 79, "excluded_lines": 0, "percent_statements_covered": 0.0, "percent_statements_covered_display": "0"}, "missing_lines": [2, 3, 4, 6, 8, 11, 17, 38, 52, 56, 79, 152, 160, 171, 182, 203, 225, 239, 250, 254, 266, 276, 291, 292, 294, 296, 297, 299, 300, 301, 302, 303, 304, 305, 306, 307, 308, 309, 311, 312, 313, 315, 316, 317, 318, 321, 322, 323, 325, 326, 327, 328, 330, 331, 333, 335, 336, 337, 338, 339, 341, 343, 345, 346, 347, 348, 349, 350, 351, 353, 355, 357, 358, 359, 360, 361, 362, 364, 367], "excluded_lines": [], "start_line": 1}}}, "data_fetcher.py": {"executed_lines": [2, 3, 4, 7, 8, 9, 13, 14, 15, 19, 30, 31, 32, 33, 36, 38, 41, 43, 44, 47, 50, 52, 54, 55, 57, 59, 60, 62, 68, 74, 80, 82, 87, 89, 90, 92, 93, 96, 104, 105, 106, 108, 109, 111, 114, 124, 125, 128, 129, 130, 131, 133, 135, 136, 139, 140, 141, 142, 149, 152, 155, 169, 171, 172, 175, 177, 178, 179, 180, 181, 186, 187, 190, 192, 193, 195, 196, 197, 198, 199, 201, 204, 207, 208, 211], "summary": {"covered_lines": 85, "num_statements": 107, "percent_covered": 79.4392523364486, "percent_covered_display": "79", "missing_lines": 22, "excluded_lines": 0, "percent_statements_covered": 79.4392523364486, "percent_statements_covered_display": "79"}, "missing_lines": [10, 11, 16, 17, 64, 65, 66, 70, 71, 72, 76, 77, 78, 150, 183, 205, 213, 214, 216, 217, 218, 219], "excluded_lines": [], "functions": {"generate_stock_codes": {"executed_lines": [30, 31, 32, 33], "summary": {"covered_lines": 4, "num_statements": 4, "percent_covered": 100.0, "percent_covered_display": "100", "missing_lines": 0, "excluded_lines": 0, "percent_statements_covered": 100.0, "percent_statements_covered_display": "100"}, "missing_lines": [], "excluded_lines": [], "start_line": 19}, "get_index_constituents": {"executed_lines": [38, 41, 43, 44, 47, 50, 52, 54, 55, 57, 59, 60, 62, 68, 74, 80, 82, 87, 89, 90, 92, 93], "summary": {"covered_lines": 22, "num_statements": 31, "percent_covered": 70.96774193548387, "percent_covered_display": "71", "missing_lines": 9, "excluded_lines": 0, "percent_statements_covered": 70.96774193548387, "percent_statements_covered_display": "71"}, "missing_lines": [64, 65, 66, 70, 71, 72, 76, 77, 78], "excluded_lines": [], "start_line": 36}, "get_stock_data": {"executed_lines": [104, 105, 106, 108, 109, 111, 114, 124, 125, 128, 129, 130, 131, 133, 135, 136, 139, 140, 141, 142, 149, 152, 155, 169, 171, 172, 175, 177, 178, 179, 180, 181, 186, 187], "summary": {"covered_lines": 34, "num_statements": 36, "percent_covered": 94.44444444444444, "percent_covered_display": "94", "missing_lines": 2, "excluded_lines": 0, "percent_statements_covered": 94.44444444444444, "percent_statements_covered_display": "94"}, "missing_lines": [150, 183], "excluded_lines": [], "start_line": 96}, "get_batch_stock_data": {"executed_lines": [192, 193, 195, 196, 197, 198, 199, 201, 204, 207, 208], "summary": {"covered_lines": 11, "num_statements": 12, "percent_covered": 91.66666666666667, "percent_covered_display": "92", "missing_lines": 1, "excluded_lines": 0, "percent_statements_covered": 91.66666666666667, "percent_statements_covered_display": "92"}, "missing_lines": [205], "excluded_lines": [], "start_line": 190}, "": {"executed_lines": [2, 3, 4, 7, 8, 9, 13, 14, 15, 19, 36, 96, 190, 211], "summary": {"covered_lines": 14, "num_statements": 24, "percent_covered": 58.333333333333336, "percent_covered_display": "58", "missing_lines": 10, "excluded_lines": 0, "percent_statements_covered": 58.333333333333336, "percent_statements_covered_display": "58"}, "missing_lines": [10, 11, 16, 17, 213, 214, 216, 217, 218, 219], "excluded_lines": [], "start_line": 1}}, "classes": {"": {"executed_lines": [2, 3, 4, 7, 8, 9, 13, 14, 15, 19, 30, 31, 32, 33, 36, 38, 41, 43, 44, 47, 50, 52, 54, 55, 57, 59, 60, 62, 68, 74, 80, 82, 87, 89, 90, 92, 93, 96, 104, 105, 106, 108, 109, 111, 114, 124, 125, 128, 129, 130, 131, 133, 135, 136, 139, 140, 141, 142, 149, 152, 155, 169, 171, 172, 175, 177, 178, 179, 180, 181, 186, 187, 190, 192, 193, 195, 196, 197, 198, 199, 201, 204, 207, 208, 211], "summary": {"covered_lines": 85, "num_statements": 107, "percent_covered": 79.4392523364486, "percent_covered_display": "79", "missing_lines": 22, "excluded_lines": 0, "percent_statements_covered": 79.4392523364486, "percent_statements_covered_display": "79"}, "missing_lines": [10, 11, 16, 17, 64, 65, 66, 70, 71, 72, 76, 77, 78, 150, 183, 205, 213, 214, 216, 217, 218, 219], "excluded_lines": [], "start_line": 1}}}, "data_fetcher_efinance.py": {"executed_lines": [], "summary": {"covered_lines": 0, "num_statements": 83, "percent_covered": 0.0, "percent_covered_display": "0", "missing_lines": 83, "excluded_lines": 0, "percent_statements_covered": 0.0, "percent_statements_covered_display": "0"}, "missing_lines": [2, 3, 4, 5, 8, 22, 23, 24, 27, 33, 34, 35, 37, 40, 51, 53, 55, 56, 58, 60, 61, 62, 63, 64, 65, 66, 67, 68, 69, 70, 71, 72, 73, 74, 77, 78, 79, 80, 83, 84, 85, 86, 88, 90, 91, 92, 93, 94, 96, 97, 99, 102, 104, 105, 107, 108, 110, 111, 112, 113, 115, 118, 119, 121, 122, 124, 125, 126, 127, 129, 132, 134, 135, 137, 138, 140, 142, 143, 144, 145, 146, 147, 149], "excluded_lines": [], "functions": {"get_stock_data_efinance": {"executed_lines": [], "summary": {"covered_lines": 0, "num_statements": 46, "percent_covered": 0.0, "percent_covered_display": "0", "missing_lines": 46, "excluded_lines": 0, "percent_statements_covered": 0.0, "percent_statements_covered_display": "0"}, "missing_lines": [22, 23, 24, 27, 33, 34, 35, 37, 40, 51, 53, 55, 56, 58, 60, 61, 62, 63, 64, 65, 66, 67, 68, 69, 70, 71, 72, 73, 74, 77, 78, 79, 80, 83, 84, 85, 86, 88, 90, 91, 92, 93, 94, 96, 97, 99], "excluded_lines": [], "start_line": 8}, "get_batch_stock_data_efinance": {"executed_lines": [], "summary": {"covered_lines": 0, "num_statements": 18, "percent_covered": 0.0, "percent_covered_display": "0", "missing_lines": 18, "excluded_lines": 0, "percent_statements_covered": 0.0, "percent_statements_covered_display": "0"}, "missing_lines": [104, 105, 107, 108, 110, 111, 112, 113, 115, 118, 119, 121, 122, 124, 125, 126, 127, 129], "excluded_lines": [], "start_line": 102}, "": {"executed_lines": [], "summary": {"covered_lines": 0, "num_statements": 19, "percent_covered": 0.0, "percent_covered_display": "0", "missing_lines": 19, "excluded_lines": 0, "percent_statements_covered": 0.0, "percent_statements_covered_display": "0"}, "missing_lines": [2, 3, 4, 5, 8, 102, 132, 134, 135, 137, 138, 140, 142, 143, 144, 145, 146, 147, 149], "excluded_lines": [], "start_line": 1}}, "classes": {"": {"executed_lines": [], "summary": {"covered_lines": 0, "num_statements": 83, "percent_covered": 0.0, "percent_covered_display": "0", "missing_lines": 83, "excluded_lines": 0, "percent_statements_covered": 0.0, "percent_statements_covered_display": "0"}, "missing_lines": [2, 3, 4, 5, 8, 22, 23, 24, 27, 33, 34, 35, 37, 40, 51, 53, 55, 56, 58, 60, 61, 62, 63, 64, 65, 66, 67, 68, 69, 70, 71, 72, 73, 74, 77, 78, 79, 80, 83, 84, 85, 86, 88, 90, 91, 92, 93, 94, 96, 97, 99, 102, 104, 105, 107, 108, 110, 111, 112, 113, 115, 118, 119, 121, 122, 124, 125, 126, 127, 129, 132, 134, 135, 137, 138, 140, 142, 143, 144, 145, 146, 147, 149], "excluded_lines": [], "start_line": 1}}}, "data_manager.py": {"executed_lines": [2, 3, 4, 5, 6, 7, 9, 10, 13, 14, 15, 18, 19, 21, 24, 25, 26, 28, 30, 31, 34, 54, 64, 65, 67, 69, 70, 71, 72, 75, 77, 78, 81, 82, 84, 85, 91, 92, 94, 95, 98, 99, 105, 107, 109, 110, 112, 115, 122, 123, 124, 127, 130, 133, 135, 138, 139, 140, 142, 145, 146, 147, 150, 151, 157, 160, 161, 163, 164, 170, 172, 174, 175, 177, 182, 183, 185, 195, 197, 201, 202, 203, 204, 205, 208, 209, 211, 212, 213, 215, 216, 218, 221, 222, 224, 225, 226, 227, 229, 231, 232, 234, 237, 238, 239, 240, 241, 243, 245, 246, 249, 251, 253, 256, 258, 259, 260, 262, 263, 265, 267, 268, 271, 272, 274, 276, 278, 280, 281, 284, 285, 288, 289, 291, 293, 307, 309, 310, 312, 313, 314, 315, 317, 318, 319, 321, 322, 324, 326, 328, 329, 330, 331, 333, 334, 335, 336, 340], "summary": {"covered_lines": 158, "num_statements": 204, "percent_covered": 77.45098039215686, "percent_covered_display": "77", "missing_lines": 46, "excluded_lines": 0, "percent_statements_covered": 77.45098039215686, "percent_statements_covered_display": "77"}, "missing_lines": [79, 165, 166, 167, 168, 196, 198, 341, 343, 345, 346, 348, 350, 351, 352, 353, 354, 355, 356, 357, 358, 359, 360, 362, 364, 365, 366, 368, 370, 372, 373, 374, 376, 377, 378, 380, 382, 383, 384, 386, 388, 390, 391, 392, 394, 397], "excluded_lines": [], "functions": {"DataManager.__init__": {"executed_lines": [25, 26], "summary": {"covered_lines": 2, "num_statements": 2, "percent_covered": 100.0, "percent_covered_display": "100", "missing_lines": 0, "excluded_lines": 0, "percent_statements_covered": 100.0, "percent_statements_covered_display": "100"}, "missing_lines": [], "excluded_lines": [], "start_line": 24}, "DataManager._init_db": {"executed_lines": [30, 31, 34, 54, 64, 65], "summary": {"covered_lines": 6, "num_statements": 6, "percent_covered": 100.0, "percent_covered_display": "100", "missing_lines": 0, "excluded_lines": 0, "percent_statements_covered": 100.0, "percent_statements_covered_display": "100"}, "missing_lines": [], "excluded_lines": [], "start_line": 28}, "DataManager.get_data_from_cache": {"executed_lines": [69, 70, 71, 72, 75, 81, 82, 84, 85, 91, 92, 94, 95, 98, 99, 105], "summary": {"covered_lines": 16, "num_statements": 16, "percent_covered": 100.0, "percent_covered_display": "100", "missing_lines": 0, "excluded_lines": 0, "percent_statements_covered": 100.0, "percent_statements_covered_display": "100"}, "missing_lines": [], "excluded_lines": [], "start_line": 67}, "DataManager.get_data_from_cache.convert_date_format": {"executed_lines": [77, 78], "summary": {"covered_lines": 2, "num_statements": 3, "percent_covered": 66.66666666666667, "percent_covered_display": "67", "missing_lines": 1, "excluded_lines": 0, "percent_statements_covered": 66.66666666666667, "percent_statements_covered_display": "67"}, "missing_lines": [79], "excluded_lines": [], "start_line": 75}, "DataManager.save_data_to_cache": {"executed_lines": [109, 110, 112, 115, 122, 123, 124, 127, 130, 133, 135, 138, 139, 140, 142, 145, 146, 147, 150, 151, 157, 160, 161, 163, 164, 170], "summary": {"covered_lines": 26, "num_statements": 30, "percent_covered": 86.66666666666667, "percent_covered_display": "87", "missing_lines": 4, "excluded_lines": 0, "percent_statements_covered": 86.66666666666667, "percent_statements_covered_display": "87"}, "missing_lines": [165, 166, 167, 168], "excluded_lines": [], "start_line": 107}, "DataManager._update_log": {"executed_lines": [174, 175, 177, 182, 183], "summary": {"covered_lines": 5, "num_statements": 5, "percent_covered": 100.0, "percent_covered_display": "100", "missing_lines": 0, "excluded_lines": 0, "percent_statements_covered": 100.0, "percent_statements_covered_display": "100"}, "missing_lines": [], "excluded_lines": [], "start_line": 172}, "DataManager.fetch_and_cache": {"executed_lines": [195, 197, 201, 202, 203, 204, 205, 208, 209, 211, 212, 213, 215, 216], "summary": {"covered_lines": 14, "num_statements": 16, "percent_covered": 87.5, "percent_covered_display": "88", "missing_lines": 2, "excluded_lines": 0, "percent_statements_covered": 87.5, "percent_statements_covered_display": "88"}, "missing_lines": [196, 198], "excluded_lines": [], "start_line": 185}, "DataManager.batch_fetch_and_cache": {"executed_lines": [221, 222, 224, 225, 226, 227, 229, 231, 232], "summary": {"covered_lines": 9, "num_statements": 9, "percent_covered": 100.0, "percent_covered_display": "100", "missing_lines": 0, "excluded_lines": 0, "percent_statements_covered": 100.0, "percent_statements_covered_display": "100"}, "missing_lines": [], "excluded_lines": [], "start_line": 218}, "DataManager.update_single_stock": {"executed_lines": [237, 238, 239, 240, 241, 243, 245, 246, 249, 251, 253, 256, 258, 259, 260, 262, 263], "summary": {"covered_lines": 17, "num_statements": 17, "percent_covered": 100.0, "percent_covered_display": "100", "missing_lines": 0, "excluded_lines": 0, "percent_statements_covered": 100.0, "percent_statements_covered_display": "100"}, "missing_lines": [], "excluded_lines": [], "start_line": 234}, "DataManager.get_all_cached_stocks": {"executed_lines": [267, 268, 271, 272, 274, 276], "summary": {"covered_lines": 6, "num_statements": 6, "percent_covered": 100.0, "percent_covered_display": "100", "missing_lines": 0, "excluded_lines": 0, "percent_statements_covered": 100.0, "percent_statements_covered_display": "100"}, "missing_lines": [], "excluded_lines": [], "start_line": 265}, "DataManager.get_cache_status": {"executed_lines": [280, 281, 284, 285, 288, 289, 291, 293], "summary": {"covered_lines": 8, "num_statements": 8, "percent_covered": 100.0, "percent_covered_display": "100", "missing_lines": 0, "excluded_lines": 0, "percent_statements_covered": 100.0, "percent_statements_covered_display": "100"}, "missing_lines": [], "excluded_lines": [], "start_line": 278}, "DataManager.clear_cache": {"executed_lines": [309, 310, 312, 313, 314, 315, 317, 318, 319, 321, 322], "summary": {"covered_lines": 11, "num_statements": 11, "percent_covered": 100.0, "percent_covered_display": "100", "missing_lines": 0, "excluded_lines": 0, "percent_statements_covered": 100.0, "percent_statements_covered_display": "100"}, "missing_lines": [], "excluded_lines": [], "start_line": 307}, "DataManager.export_cache_to_csv": {"executed_lines": [326, 328, 329, 330, 331, 333, 334, 335, 336], "summary": {"covered_lines": 9, "num_statements": 9, "percent_covered": 100.0, "percent_covered_display": "100", "missing_lines": 0, "excluded_lines": 0, "percent_statements_covered": 100.0, "percent_statements_covered_display": "100"}, "missing_lines": [], "excluded_lines": [], "start_line": 324}, "": {"executed_lines": [2, 3, 4, 5, 6, 7, 9, 10, 13, 14, 15, 18, 19, 21, 24, 28, 67, 107, 172, 185, 218, 234, 265, 278, 307, 324, 340], "summary": {"covered_lines": 27, "num_statements": 66, "percent_covered": 40.90909090909091, "percent_covered_display": "41", "missing_lines": 39, "excluded_lines": 0, "percent_statements_covered": 40.90909090909091, "percent_statements_covered_display": "41"}, "missing_lines": [341, 343, 345, 346, 348, 350, 351, 352, 353, 354, 355, 356, 357, 358, 359, 360, 362, 364, 365, 366, 368, 370, 372, 373, 374, 376, 377, 378, 380, 382, 383, 384, 386, 388, 390, 391, 392, 394, 397], "excluded_lines": [], "start_line": 1}}, "classes": {"DataManager": {"executed_lines": [25, 26, 30, 31, 34, 54, 64, 65, 69, 70, 71, 72, 75, 77, 78, 81, 82, 84, 85, 91, 92, 94, 95, 98, 99, 105, 109, 110, 112, 115, 122, 123, 124, 127, 130, 133, 135, 138, 139, 140, 142, 145, 146, 147, 150, 151, 157, 160, 161, 163, 164, 170, 174, 175, 177, 182, 183, 195, 197, 201, 202, 203, 204, 205, 208, 209, 211, 212, 213, 215, 216, 221, 222, 224, 225, 226, 227, 229, 231, 232, 237, 238, 239, 240, 241, 243, 245, 246, 249, 251, 253, 256, 258, 259, 260, 262, 263, 267, 268, 271, 272, 274, 276, 280, 281, 284, 285, 288, 289, 291, 293, 309, 310, 312, 313, 314, 315, 317, 318, 319, 321, 322, 326, 328, 329, 330, 331, 333, 334, 335, 336], "summary": {"covered_lines": 131, "num_statements": 138, "percent_covered": 94.92753623188406, "percent_covered_display": "95", "missing_lines": 7, "excluded_lines": 0, "percent_statements_covered": 94.92753623188406, "percent_statements_covered_display": "95"}, "missing_lines": [79, 165, 166, 167, 168, 196, 198], "excluded_lines": [], "start_line": 21}, "": {"executed_lines": [2, 3, 4, 5, 6, 7, 9, 10, 13, 14, 15, 18, 19, 21, 24, 28, 67, 107, 172, 185, 218, 234, 265, 278, 307, 324, 340], "summary": {"covered_lines": 27, "num_statements": 66, "percent_covered": 40.90909090909091, "percent_covered_display": "41", "missing_lines": 39, "excluded_lines": 0, "percent_statements_covered": 40.90909090909091, "percent_statements_covered_display": "41"}, "missing_lines": [341, 343, 345, 346, 348, 350, 351, 352, 353, 354, 355, 356, 357, 358, 359, 360, 362, 364, 365, 366, 368, 370, 372, 373, 374, 376, 377, 378, 380, 382, 383, 384, 386, 388, 390, 391, 392, 394, 397], "excluded_lines": [], "start_line": 1}}}, "debug_data.py": {"executed_lines": [], "summary": {"covered_lines": 0, "num_statements": 15, "percent_covered": 0.0, "percent_covered_display": "0", "missing_lines": 15, "excluded_lines": 0, "percent_statements_covered": 0.0, "percent_statements_covered_display": "0"}, "missing_lines": [2, 4, 5, 8, 9, 10, 12, 13, 20, 21, 22, 23, 24, 25, 26], "excluded_lines": [], "functions": {"": {"executed_lines": [], "summary": {"covered_lines": 0, "num_statements": 15, "percent_covered": 0.0, "percent_covered_display": "0", "missing_lines": 15, "excluded_lines": 0, "percent_statements_covered": 0.0, "percent_statements_covered_display": "0"}, "missing_lines": [2, 4, 5, 8, 9, 10, 12, 13, 20, 21, 22, 23, 24, 25, 26], "excluded_lines": [], "start_line": 1}}, "classes": {"": {"executed_lines": [], "summary": {"covered_lines": 0, "num_statements": 15, "percent_covered": 0.0, "percent_covered_display": "0", "missing_lines": 15, "excluded_lines": 0, "percent_statements_covered": 0.0, "percent_statements_covered_display": "0"}, "missing_lines": [2, 4, 5, 8, 9, 10, 12, 13, 20, 21, 22, 23, 24, 25, 26], "excluded_lines": [], "start_line": 1}}}, "demo_fetch_by_sector.py": {"executed_lines": [], "summary": {"covered_lines": 0, "num_statements": 94, "percent_covered": 0.0, "percent_covered_display": "0", "missing_lines": 94, "excluded_lines": 0, "percent_statements_covered": 0.0, "percent_statements_covered_display": "0"}, "missing_lines": [6, 7, 8, 10, 12, 14, 15, 16, 18, 20, 22, 23, 24, 26, 27, 28, 29, 30, 31, 32, 34, 35, 36, 37, 38, 40, 42, 44, 45, 51, 52, 53, 55, 56, 58, 59, 60, 61, 62, 63, 64, 66, 67, 68, 70, 72, 74, 75, 76, 78, 79, 80, 81, 82, 84, 85, 86, 87, 88, 89, 91, 92, 93, 95, 97, 98, 99, 100, 103, 104, 106, 107, 108, 111, 114, 115, 117, 120, 121, 123, 126, 127, 130, 131, 132, 133, 134, 135, 136, 137, 139, 140, 141, 142], "excluded_lines": [], "functions": {"print_header": {"executed_lines": [], "summary": {"covered_lines": 0, "num_statements": 3, "percent_covered": 0.0, "percent_covered_display": "0", "missing_lines": 3, "excluded_lines": 0, "percent_statements_covered": 0.0, "percent_statements_covered_display": "0"}, "missing_lines": [14, 15, 16], "excluded_lines": [], "start_line": 12}, "get_sectors": {"executed_lines": [], "summary": {"covered_lines": 0, "num_statements": 16, "percent_covered": 0.0, "percent_covered_display": "0", "missing_lines": 16, "excluded_lines": 0, "percent_statements_covered": 0.0, "percent_statements_covered_display": "0"}, "missing_lines": [20, 22, 23, 24, 26, 27, 28, 29, 30, 31, 32, 34, 35, 36, 37, 38], "excluded_lines": [], "start_line": 18}, "fetch_sector_data": {"executed_lines": [], "summary": {"covered_lines": 0, "num_statements": 18, "percent_covered": 0.0, "percent_covered_display": "0", "missing_lines": 18, "excluded_lines": 0, "percent_statements_covered": 0.0, "percent_statements_covered_display": "0"}, "missing_lines": [42, 44, 45, 51, 52, 53, 55, 56, 58, 59, 60, 61, 62, 63, 64, 66, 67, 68], "excluded_lines": [], "start_line": 40}, "get_cache_status": {"executed_lines": [], "summary": {"covered_lines": 0, "num_statements": 18, "percent_covered": 0.0, "percent_covered_display": "0", "missing_lines": 18, "excluded_lines": 0, "percent_statements_covered": 0.0, "percent_statements_covered_display": "0"}, "missing_lines": [72, 74, 75, 76, 78, 79, 80, 81, 82, 84, 85, 86, 87, 88, 89, 91, 92, 93], "excluded_lines": [], "start_line": 70}, "main": {"executed_lines": [], "summary": {"covered_lines": 0, "num_statements": 26, "percent_covered": 0.0, "percent_covered_display": "0", "missing_lines": 26, "excluded_lines": 0, "percent_statements_covered": 0.0, "percent_statements_covered_display": "0"}, "missing_lines": [97, 98, 99, 100, 103, 104, 106, 107, 108, 111, 114, 115, 117, 120, 121, 123, 126, 127, 130, 131, 132, 133, 134, 135, 136, 137], "excluded_lines": [], "start_line": 95}, "": {"executed_lines": [], "summary": {"covered_lines": 0, "num_statements": 13, "percent_covered": 0.0, "percent_covered_display": "0", "missing_lines": 13, "excluded_lines": 0, "percent_statements_covered": 0.0, "percent_statements_covered_display": "0"}, "missing_lines": [6, 7, 8, 10, 12, 18, 40, 70, 95, 139, 140, 141, 142], "excluded_lines": [], "start_line": 1}}, "classes": {"": {"executed_lines": [], "summary": {"covered_lines": 0, "num_statements": 94, "percent_covered": 0.0, "percent_covered_display": "0", "missing_lines": 94, "excluded_lines": 0, "percent_statements_covered": 0.0, "percent_statements_covered_display": "0"}, "missing_lines": [6, 7, 8, 10, 12, 14, 15, 16, 18, 20, 22, 23, 24, 26, 27, 28, 29, 30, 31, 32, 34, 35, 36, 37, 38, 40, 42, 44, 45, 51, 52, 53, 55, 56, 58, 59, 60, 61, 62, 63, 64, 66, 67, 68, 70, 72, 74, 75, 76, 78, 79, 80, 81, 82, 84, 85, 86, 87, 88, 89, 91, 92, 93, 95, 97, 98, 99, 100, 103, 104, 106, 107, 108, 111, 114, 115, 117, 120, 121, 123, 126, 127, 130, 131, 132, 133, 134, 135, 136, 137, 139, 140, 141, 142], "excluded_lines": [], "start_line": 1}}}, "demo_test.py": {"executed_lines": [], "summary": {"covered_lines": 0, "num_statements": 93, "percent_covered": 0.0, "percent_covered_display": "0", "missing_lines": 93, "excluded_lines": 0, "percent_statements_covered": 0.0, "percent_statements_covered_display": "0"}, "missing_lines": [2, 3, 4, 5, 6, 7, 9, 11, 14, 15, 16, 17, 19, 33, 36, 38, 39, 40, 41, 44, 45, 47, 48, 49, 50, 51, 53, 56, 57, 59, 60, 62, 63, 66, 67, 69, 70, 72, 73, 74, 76, 77, 79, 80, 81, 84, 85, 86, 90, 92, 95, 96, 97, 99, 100, 101, 102, 103, 104, 105, 107, 108, 109, 110, 111, 112, 113, 115, 116, 118, 119, 121, 122, 123, 125, 127, 129, 130, 131, 132, 133, 134, 135, 136, 137, 138, 141, 142, 143, 144, 145, 146, 147], "excluded_lines": [], "functions": {"generate_mock_stock_data": {"executed_lines": [], "summary": {"covered_lines": 0, "num_statements": 7, "percent_covered": 0.0, "percent_covered_display": "0", "missing_lines": 7, "excluded_lines": 0, "percent_statements_covered": 0.0, "percent_statements_covered_display": "0"}, "missing_lines": [11, 14, 15, 16, 17, 19, 33], "excluded_lines": [], "start_line": 9}, "test_with_mock_data": {"executed_lines": [], "summary": {"covered_lines": 0, "num_statements": 71, "percent_covered": 0.0, "percent_covered_display": "0", "missing_lines": 71, "excluded_lines": 0, "percent_statements_covered": 0.0, "percent_statements_covered_display": "0"}, "missing_lines": [38, 39, 40, 41, 44, 45, 47, 48, 49, 50, 51, 53, 56, 57, 59, 60, 62, 63, 66, 67, 69, 70, 72, 73, 74, 76, 77, 79, 80, 81, 84, 85, 86, 90, 92, 95, 96, 97, 99, 100, 101, 102, 103, 104, 105, 107, 108, 109, 110, 111, 112, 113, 115, 116, 118, 119, 121, 122, 123, 125, 127, 129, 130, 131, 132, 133, 134, 135, 136, 137, 138], "excluded_lines": [], "start_line": 36}, "": {"executed_lines": [], "summary": {"covered_lines": 0, "num_statements": 15, "percent_covered": 0.0, "percent_covered_display": "0", "missing_lines": 15, "excluded_lines": 0, "percent_statements_covered": 0.0, "percent_statements_covered_display": "0"}, "missing_lines": [2, 3, 4, 5, 6, 7, 9, 36, 141, 142, 143, 144, 145, 146, 147], "excluded_lines": [], "start_line": 1}}, "classes": {"": {"executed_lines": [], "summary": {"covered_lines": 0, "num_statements": 93, "percent_covered": 0.0, "percent_covered_display": "0", "missing_lines": 93, "excluded_lines": 0, "percent_statements_covered": 0.0, "percent_statements_covered_display": "0"}, "missing_lines": [2, 3, 4, 5, 6, 7, 9, 11, 14, 15, 16, 17, 19, 33, 36, 38, 39, 40, 41, 44, 45, 47, 48, 49, 50, 51, 53, 56, 57, 59, 60, 62, 63, 66, 67, 69, 70, 72, 73, 74, 76, 77, 79, 80, 81, 84, 85, 86, 90, 92, 95, 96, 97, 99, 100, 101, 102, 103, 104, 105, 107, 108, 109, 110, 111, 112, 113, 115, 116, 118, 119, 121, 122, 123, 125, 127, 129, 130, 131, 132, 133, 134, 135, 136, 137, 138, 141, 142, 143, 144, 145, 146, 147], "excluded_lines": [], "start_line": 1}}}, "demo_test_debug.py": {"executed_lines": [], "summary": {"covered_lines": 0, "num_statements": 89, "percent_covered": 0.0, "percent_covered_display": "0", "missing_lines": 89, "excluded_lines": 0, "percent_statements_covered": 0.0, "percent_statements_covered_display": "0"}, "missing_lines": [2, 3, 4, 5, 6, 8, 10, 11, 14, 15, 16, 17, 19, 21, 22, 25, 26, 27, 28, 30, 32, 33, 35, 49, 52, 54, 55, 56, 57, 60, 61, 63, 64, 65, 66, 67, 70, 71, 73, 74, 75, 76, 77, 80, 81, 83, 89, 90, 92, 93, 96, 97, 98, 99, 100, 101, 102, 105, 107, 108, 109, 111, 112, 113, 114, 115, 116, 117, 119, 120, 121, 122, 123, 125, 126, 127, 128, 129, 130, 131, 132, 133, 136, 137, 138, 139, 140, 141, 142], "excluded_lines": [], "functions": {"generate_better_mock_data": {"executed_lines": [], "summary": {"covered_lines": 0, "num_statements": 18, "percent_covered": 0.0, "percent_covered_display": "0", "missing_lines": 18, "excluded_lines": 0, "percent_statements_covered": 0.0, "percent_statements_covered_display": "0"}, "missing_lines": [10, 11, 14, 15, 16, 17, 19, 21, 22, 25, 26, 27, 28, 30, 32, 33, 35, 49], "excluded_lines": [], "start_line": 8}, "test_with_debug": {"executed_lines": [], "summary": {"covered_lines": 0, "num_statements": 57, "percent_covered": 0.0, "percent_covered_display": "0", "missing_lines": 57, "excluded_lines": 0, "percent_statements_covered": 0.0, "percent_statements_covered_display": "0"}, "missing_lines": [54, 55, 56, 57, 60, 61, 63, 64, 65, 66, 67, 70, 71, 73, 74, 75, 76, 77, 80, 81, 83, 89, 90, 92, 93, 96, 97, 98, 99, 100, 101, 102, 105, 107, 108, 109, 111, 112, 113, 114, 115, 116, 117, 119, 120, 121, 122, 123, 125, 126, 127, 128, 129, 130, 131, 132, 133], "excluded_lines": [], "start_line": 52}, "": {"executed_lines": [], "summary": {"covered_lines": 0, "num_statements": 14, "percent_covered": 0.0, "percent_covered_display": "0", "missing_lines": 14, "excluded_lines": 0, "percent_statements_covered": 0.0, "percent_statements_covered_display": "0"}, "missing_lines": [2, 3, 4, 5, 6, 8, 52, 136, 137, 138, 139, 140, 141, 142], "excluded_lines": [], "start_line": 1}}, "classes": {"": {"executed_lines": [], "summary": {"covered_lines": 0, "num_statements": 89, "percent_covered": 0.0, "percent_covered_display": "0", "missing_lines": 89, "excluded_lines": 0, "percent_statements_covered": 0.0, "percent_statements_covered_display": "0"}, "missing_lines": [2, 3, 4, 5, 6, 8, 10, 11, 14, 15, 16, 17, 19, 21, 22, 25, 26, 27, 28, 30, 32, 33, 35, 49, 52, 54, 55, 56, 57, 60, 61, 63, 64, 65, 66, 67, 70, 71, 73, 74, 75, 76, 77, 80, 81, 83, 89, 90, 92, 93, 96, 97, 98, 99, 100, 101, 102, 105, 107, 108, 109, 111, 112, 113, 114, 115, 116, 117, 119, 120, 121, 122, 123, 125, 126, 127, 128, 129, 130, 131, 132, 133, 136, 137, 138, 139, 140, 141, 142], "excluded_lines": [], "start_line": 1}}}, "diagnose_backtest.py": {"executed_lines": [], "summary": {"covered_lines": 0, "num_statements": 117, "percent_covered": 0.0, "percent_covered_display": "0", "missing_lines": 117, "excluded_lines": 0, "percent_statements_covered": 0.0, "percent_statements_covered_display": "0"}, "missing_lines": [2, 3, 4, 5, 6, 7, 9, 10, 11, 12, 15, 16, 17, 20, 21, 23, 24, 27, 28, 29, 32, 33, 35, 36, 37, 38, 39, 40, 41, 42, 43, 44, 47, 48, 50, 51, 52, 53, 54, 55, 57, 58, 59, 62, 64, 65, 66, 67, 69, 70, 73, 74, 75, 78, 79, 82, 83, 84, 87, 88, 89, 90, 92, 95, 96, 97, 98, 101, 102, 103, 105, 107, 108, 109, 110, 111, 114, 115, 116, 118, 120, 121, 122, 123, 124, 127, 128, 129, 131, 133, 134, 135, 136, 137, 138, 139, 140, 142, 143, 145, 146, 147, 148, 149, 150, 151, 152, 153, 154, 155, 156, 157, 159, 160, 162, 163, 164], "excluded_lines": [], "functions": {"": {"executed_lines": [], "summary": {"covered_lines": 0, "num_statements": 117, "percent_covered": 0.0, "percent_covered_display": "0", "missing_lines": 117, "excluded_lines": 0, "percent_statements_covered": 0.0, "percent_statements_covered_display": "0"}, "missing_lines": [2, 3, 4, 5, 6, 7, 9, 10, 11, 12, 15, 16, 17, 20, 21, 23, 24, 27, 28, 29, 32, 33, 35, 36, 37, 38, 39, 40, 41, 42, 43, 44, 47, 48, 50, 51, 52, 53, 54, 55, 57, 58, 59, 62, 64, 65, 66, 67, 69, 70, 73, 74, 75, 78, 79, 82, 83, 84, 87, 88, 89, 90, 92, 95, 96, 97, 98, 101, 102, 103, 105, 107, 108, 109, 110, 111, 114, 115, 116, 118, 120, 121, 122, 123, 124, 127, 128, 129, 131, 133, 134, 135, 136, 137, 138, 139, 140, 142, 143, 145, 146, 147, 148, 149, 150, 151, 152, 153, 154, 155, 156, 157, 159, 160, 162, 163, 164], "excluded_lines": [], "start_line": 1}}, "classes": {"": {"executed_lines": [], "summary": {"covered_lines": 0, "num_statements": 117, "percent_covered": 0.0, "percent_covered_display": "0", "missing_lines": 117, "excluded_lines": 0, "percent_statements_covered": 0.0, "percent_statements_covered_display": "0"}, "missing_lines": [2, 3, 4, 5, 6, 7, 9, 10, 11, 12, 15, 16, 17, 20, 21, 23, 24, 27, 28, 29, 32, 33, 35, 36, 37, 38, 39, 40, 41, 42, 43, 44, 47, 48, 50, 51, 52, 53, 54, 55, 57, 58, 59, 62, 64, 65, 66, 67, 69, 70, 73, 74, 75, 78, 79, 82, 83, 84, 87, 88, 89, 90, 92, 95, 96, 97, 98, 101, 102, 103, 105, 107, 108, 109, 110, 111, 114, 115, 116, 118, 120, 121, 122, 123, 124, 127, 128, 129, 131, 133, 134, 135, 136, 137, 138, 139, 140, 142, 143, 145, 146, 147, 148, 149, 150, 151, 152, 153, 154, 155, 156, 157, 159, 160, 162, 163, 164], "excluded_lines": [], "start_line": 1}}}, "export_to_excel.py": {"executed_lines": [], "summary": {"covered_lines": 0, "num_statements": 180, "percent_covered": 0.0, "percent_covered_display": "0", "missing_lines": 180, "excluded_lines": 0, "percent_statements_covered": 0.0, "percent_statements_covered_display": "0"}, "missing_lines": [2, 3, 4, 5, 6, 7, 8, 11, 21, 22, 25, 26, 27, 30, 33, 34, 36, 39, 40, 41, 42, 45, 46, 47, 49, 50, 58, 59, 60, 62, 63, 64, 65, 68, 71, 74, 75, 76, 77, 78, 81, 82, 83, 84, 87, 88, 89, 91, 92, 94, 95, 96, 98, 99, 101, 115, 116, 119, 120, 121, 122, 124, 125, 127, 130, 131, 132, 133, 134, 135, 136, 137, 138, 139, 140, 143, 146, 149, 152, 153, 154, 155, 156, 159, 160, 161, 162, 163, 164, 165, 167, 168, 169, 172, 173, 174, 175, 177, 178, 179, 180, 183, 184, 187, 189, 190, 192, 193, 201, 202, 203, 204, 206, 207, 210, 211, 214, 222, 225, 226, 229, 230, 231, 232, 233, 236, 237, 238, 239, 241, 243, 244, 245, 246, 247, 248, 250, 251, 252, 253, 255, 257, 258, 261, 262, 263, 265, 268, 269, 270, 271, 272, 275, 276, 277, 278, 279, 280, 281, 284, 285, 286, 288, 290, 292, 293, 295, 296, 297, 300, 302, 304, 305, 307, 308, 309, 310, 311, 312, 313], "excluded_lines": [], "functions": {"export_detailed_trades_to_excel": {"executed_lines": [], "summary": {"covered_lines": 0, "num_statements": 108, "percent_covered": 0.0, "percent_covered_display": "0", "missing_lines": 108, "excluded_lines": 0, "percent_statements_covered": 0.0, "percent_statements_covered_display": "0"}, "missing_lines": [21, 22, 25, 26, 27, 30, 33, 34, 36, 39, 40, 41, 42, 45, 46, 47, 49, 50, 58, 59, 60, 62, 63, 64, 65, 68, 71, 74, 75, 76, 77, 78, 81, 82, 83, 84, 87, 88, 89, 91, 92, 94, 95, 96, 98, 99, 101, 115, 116, 119, 120, 121, 122, 124, 125, 127, 130, 131, 132, 133, 134, 135, 136, 137, 138, 139, 140, 143, 146, 149, 152, 153, 154, 155, 156, 159, 160, 161, 162, 163, 164, 165, 167, 168, 169, 172, 173, 174, 175, 177, 178, 179, 180, 183, 184, 187, 189, 190, 192, 193, 201, 202, 203, 204, 206, 207, 210, 211], "excluded_lines": [], "start_line": 11}, "export_batch_results_to_excel": {"executed_lines": [], "summary": {"covered_lines": 0, "num_statements": 52, "percent_covered": 0.0, "percent_covered_display": "0", "missing_lines": 52, "excluded_lines": 0, "percent_statements_covered": 0.0, "percent_statements_covered_display": "0"}, "missing_lines": [222, 225, 226, 229, 230, 231, 232, 233, 236, 237, 238, 239, 241, 243, 244, 245, 246, 247, 248, 250, 251, 252, 253, 255, 257, 258, 261, 262, 263, 265, 268, 269, 270, 271, 272, 275, 276, 277, 278, 279, 280, 281, 284, 285, 286, 288, 290, 292, 293, 295, 296, 297], "excluded_lines": [], "start_line": 214}, "": {"executed_lines": [], "summary": {"covered_lines": 0, "num_statements": 20, "percent_covered": 0.0, "percent_covered_display": "0", "missing_lines": 20, "excluded_lines": 0, "percent_statements_covered": 0.0, "percent_statements_covered_display": "0"}, "missing_lines": [2, 3, 4, 5, 6, 7, 8, 11, 214, 300, 302, 304, 305, 307, 308, 309, 310, 311, 312, 313], "excluded_lines": [], "start_line": 1}}, "classes": {"": {"executed_lines": [], "summary": {"covered_lines": 0, "num_statements": 180, "percent_covered": 0.0, "percent_covered_display": "0", "missing_lines": 180, "excluded_lines": 0, "percent_statements_covered": 0.0, "percent_statements_covered_display": "0"}, "missing_lines": [2, 3, 4, 5, 6, 7, 8, 11, 21, 22, 25, 26, 27, 30, 33, 34, 36, 39, 40, 41, 42, 45, 46, 47, 49, 50, 58, 59, 60, 62, 63, 64, 65, 68, 71, 74, 75, 76, 77, 78, 81, 82, 83, 84, 87, 88, 89, 91, 92, 94, 95, 96, 98, 99, 101, 115, 116, 119, 120, 121, 122, 124, 125, 127, 130, 131, 132, 133, 134, 135, 136, 137, 138, 139, 140, 143, 146, 149, 152, 153, 154, 155, 156, 159, 160, 161, 162, 163, 164, 165, 167, 168, 169, 172, 173, 174, 175, 177, 178, 179, 180, 183, 184, 187, 189, 190, 192, 193, 201, 202, 203, 204, 206, 207, 210, 211, 214, 222, 225, 226, 229, 230, 231, 232, 233, 236, 237, 238, 239, 241, 243, 244, 245, 246, 247, 248, 250, 251, 252, 253, 255, 257, 258, 261, 262, 263, 265, 268, 269, 270, 271, 272, 275, 276, 277, 278, 279, 280, 281, 284, 285, 286, 288, 290, 292, 293, 295, 296, 297, 300, 302, 304, 305, 307, 308, 309, 310, 311, 312, 313], "excluded_lines": [], "start_line": 1}}}, "fetch_data_batch.py": {"executed_lines": [], "summary": {"covered_lines": 0, "num_statements": 61, "percent_covered": 0.0, "percent_covered_display": "0", "missing_lines": 61, "excluded_lines": 0, "percent_statements_covered": 0.0, "percent_statements_covered_display": "0"}, "missing_lines": [2, 3, 4, 5, 7, 9, 11, 12, 13, 14, 15, 16, 19, 20, 21, 23, 25, 26, 27, 29, 30, 31, 34, 35, 36, 38, 41, 42, 43, 44, 45, 47, 48, 49, 50, 51, 52, 55, 56, 57, 58, 59, 60, 61, 62, 63, 66, 67, 68, 69, 70, 71, 72, 73, 74, 75, 76, 77, 78, 80, 81], "excluded_lines": [], "functions": {"main": {"executed_lines": [], "summary": {"covered_lines": 0, "num_statements": 54, "percent_covered": 0.0, "percent_covered_display": "0", "missing_lines": 54, "excluded_lines": 0, "percent_statements_covered": 0.0, "percent_statements_covered_display": "0"}, "missing_lines": [9, 11, 12, 13, 14, 15, 16, 19, 20, 21, 23, 25, 26, 27, 29, 30, 31, 34, 35, 36, 38, 41, 42, 43, 44, 45, 47, 48, 49, 50, 51, 52, 55, 56, 57, 58, 59, 60, 61, 62, 63, 66, 67, 68, 69, 70, 71, 72, 73, 74, 75, 76, 77, 78], "excluded_lines": [], "start_line": 7}, "": {"executed_lines": [], "summary": {"covered_lines": 0, "num_statements": 7, "percent_covered": 0.0, "percent_covered_display": "0", "missing_lines": 7, "excluded_lines": 0, "percent_statements_covered": 0.0, "percent_statements_covered_display": "0"}, "missing_lines": [2, 3, 4, 5, 7, 80, 81], "excluded_lines": [], "start_line": 1}}, "classes": {"": {"executed_lines": [], "summary": {"covered_lines": 0, "num_statements": 61, "percent_covered": 0.0, "percent_covered_display": "0", "missing_lines": 61, "excluded_lines": 0, "percent_statements_covered": 0.0, "percent_statements_covered_display": "0"}, "missing_lines": [2, 3, 4, 5, 7, 9, 11, 12, 13, 14, 15, 16, 19, 20, 21, 23, 25, 26, 27, 29, 30, 31, 34, 35, 36, 38, 41, 42, 43, 44, 45, 47, 48, 49, 50, 51, 52, 55, 56, 57, 58, 59, 60, 61, 62, 63, 66, 67, 68, 69, 70, 71, 72, 73, 74, 75, 76, 77, 78, 80, 81], "excluded_lines": [], "start_line": 1}}}, "generate_excel_demo.py": {"executed_lines": [], "summary": {"covered_lines": 0, "num_statements": 53, "percent_covered": 0.0, "percent_covered_display": "0", "missing_lines": 53, "excluded_lines": 0, "percent_statements_covered": 0.0, "percent_statements_covered_display": "0"}, "missing_lines": [2, 3, 4, 6, 7, 8, 9, 12, 13, 14, 17, 18, 19, 20, 21, 22, 23, 24, 25, 26, 27, 28, 29, 30, 31, 32, 33, 34, 35, 36, 37, 38, 39, 40, 41, 42, 43, 44, 45, 46, 47, 48, 49, 50, 51, 52, 53, 54, 56, 57, 58, 59, 60], "excluded_lines": [], "functions": {"": {"executed_lines": [], "summary": {"covered_lines": 0, "num_statements": 53, "percent_covered": 0.0, "percent_covered_display": "0", "missing_lines": 53, "excluded_lines": 0, "percent_statements_covered": 0.0, "percent_statements_covered_display": "0"}, "missing_lines": [2, 3, 4, 6, 7, 8, 9, 12, 13, 14, 17, 18, 19, 20, 21, 22, 23, 24, 25, 26, 27, 28, 29, 30, 31, 32, 33, 34, 35, 36, 37, 38, 39, 40, 41, 42, 43, 44, 45, 46, 47, 48, 49, 50, 51, 52, 53, 54, 56, 57, 58, 59, 60], "excluded_lines": [], "start_line": 1}}, "classes": {"": {"executed_lines": [], "summary": {"covered_lines": 0, "num_statements": 53, "percent_covered": 0.0, "percent_covered_display": "0", "missing_lines": 53, "excluded_lines": 0, "percent_statements_covered": 0.0, "percent_statements_covered_display": "0"}, "missing_lines": [2, 3, 4, 6, 7, 8, 9, 12, 13, 14, 17, 18, 19, 20, 21, 22, 23, 24, 25, 26, 27, 28, 29, 30, 31, 32, 33, 34, 35, 36, 37, 38, 39, 40, 41, 42, 43, 44, 45, 46, 47, 48, 49, 50, 51, 52, 53, 54, 56, 57, 58, 59, 60], "excluded_lines": [], "start_line": 1}}}, "indicators.py": {"executed_lines": [5, 6, 9, 11, 14, 16, 19, 25, 26, 27, 28, 29, 30, 33, 38, 39, 40, 41, 42, 43, 46, 52, 53, 55, 56, 58, 59, 60, 62, 65, 72, 73, 74, 75, 76, 79, 83, 84, 85, 87, 88, 89, 92, 97, 99, 100, 110, 111, 114, 115, 116, 117, 118, 121, 122, 123, 124, 127, 128, 129, 130, 131, 134, 135, 136, 137, 138, 141, 142, 145, 147], "summary": {"covered_lines": 71, "num_statements": 71, "percent_covered": 100.0, "percent_covered_display": "100", "missing_lines": 0, "excluded_lines": 0, "percent_statements_covered": 100.0, "percent_statements_covered_display": "100"}, "missing_lines": [], "excluded_lines": [], "functions": {"calculate_ma": {"executed_lines": [11], "summary": {"covered_lines": 1, "num_statements": 1, "percent_covered": 100.0, "percent_covered_display": "100", "missing_lines": 0, "excluded_lines": 0, "percent_statements_covered": 100.0, "percent_statements_covered_display": "100"}, "missing_lines": [], "excluded_lines": [], "start_line": 9}, "calculate_ema": {"executed_lines": [16], "summary": {"covered_lines": 1, "num_statements": 1, "percent_covered": 100.0, "percent_covered_display": "100", "missing_lines": 0, "excluded_lines": 0, "percent_statements_covered": 100.0, "percent_statements_covered_display": "100"}, "missing_lines": [], "excluded_lines": [], "start_line": 14}, "calculate_macd": {"executed_lines": [25, 26, 27, 28, 29, 30], "summary": {"covered_lines": 6, "num_statements": 6, "percent_covered": 100.0, "percent_covered_display": "100", "missing_lines": 0, "excluded_lines": 0, "percent_statements_covered": 100.0, "percent_statements_covered_display": "100"}, "missing_lines": [], "excluded_lines": [], "start_line": 19}, "calculate_rsi": {"executed_lines": [38, 39, 40, 41, 42, 43], "summary": {"covered_lines": 6, "num_statements": 6, "percent_covered": 100.0, "percent_covered_display": "100", "missing_lines": 0, "excluded_lines": 0, "percent_statements_covered": 100.0, "percent_statements_covered_display": "100"}, "missing_lines": [], "excluded_lines": [], "start_line": 33}, "calculate_kdj": {"executed_lines": [52, 53, 55, 56, 58, 59, 60, 62], "summary": {"covered_lines": 8, "num_statements": 8, "percent_covered": 100.0, "percent_covered_display": "100", "missing_lines": 0, "excluded_lines": 0, "percent_statements_covered": 100.0, "percent_statements_covered_display": "100"}, "missing_lines": [], "excluded_lines": [], "start_line": 46}, "calculate_bollinger_bands": {"executed_lines": [72, 73, 74, 75, 76], "summary": {"covered_lines": 5, "num_statements": 5, "percent_covered": 100.0, "percent_covered_display": "100", "missing_lines": 0, "excluded_lines": 0, "percent_statements_covered": 100.0, "percent_statements_covered_display": "100"}, "missing_lines": [], "excluded_lines": [], "start_line": 65}, "calculate_atr": {"executed_lines": [83, 84, 85, 87, 88, 89], "summary": {"covered_lines": 6, "num_statements": 6, "percent_covered": 100.0, "percent_covered_display": "100", "missing_lines": 0, "excluded_lines": 0, "percent_statements_covered": 100.0, "percent_statements_covered_display": "100"}, "missing_lines": [], "excluded_lines": [], "start_line": 79}, "add_all_indicators": {"executed_lines": [97, 99, 100, 110, 111, 114, 115, 116, 117, 118, 121, 122, 123, 124, 127, 128, 129, 130, 131, 134, 135, 136, 137, 138, 141, 142, 145, 147], "summary": {"covered_lines": 28, "num_statements": 28, "percent_covered": 100.0, "percent_covered_display": "100", "missing_lines": 0, "excluded_lines": 0, "percent_statements_covered": 100.0, "percent_statements_covered_display": "100"}, "missing_lines": [], "excluded_lines": [], "start_line": 92}, "": {"executed_lines": [5, 6, 9, 14, 19, 33, 46, 65, 79, 92], "summary": {"covered_lines": 10, "num_statements": 10, "percent_covered": 100.0, "percent_covered_display": "100", "missing_lines": 0, "excluded_lines": 0, "percent_statements_covered": 100.0, "percent_statements_covered_display": "100"}, "missing_lines": [], "excluded_lines": [], "start_line": 1}}, "classes": {"": {"executed_lines": [5, 6, 9, 11, 14, 16, 19, 25, 26, 27, 28, 29, 30, 33, 38, 39, 40, 41, 42, 43, 46, 52, 53, 55, 56, 58, 59, 60, 62, 65, 72, 73, 74, 75, 76, 79, 83, 84, 85, 87, 88, 89, 92, 97, 99, 100, 110, 111, 114, 115, 116, 117, 118, 121, 122, 123, 124, 127, 128, 129, 130, 131, 134, 135, 136, 137, 138, 141, 142, 145, 147], "summary": {"covered_lines": 71, "num_statements": 71, "percent_covered": 100.0, "percent_covered_display": "100", "missing_lines": 0, "excluded_lines": 0, "percent_statements_covered": 100.0, "percent_statements_covered_display": "100"}, "missing_lines": [], "excluded_lines": [], "start_line": 1}}}, "main.py": {"executed_lines": [], "summary": {"covered_lines": 0, "num_statements": 126, "percent_covered": 0.0, "percent_covered_display": "0", "missing_lines": 126, "excluded_lines": 0, "percent_statements_covered": 0.0, "percent_statements_covered_display": "0"}, "missing_lines": [2, 3, 4, 5, 7, 8, 9, 10, 11, 12, 15, 17, 18, 19, 22, 23, 24, 25, 26, 29, 31, 33, 34, 35, 37, 38, 39, 40, 41, 43, 45, 46, 47, 50, 52, 53, 55, 58, 60, 61, 63, 64, 66, 67, 70, 71, 73, 74, 75, 76, 77, 78, 79, 82, 84, 85, 86, 96, 97, 100, 103, 104, 107, 108, 109, 110, 111, 112, 114, 115, 116, 117, 118, 121, 122, 123, 124, 125, 126, 127, 128, 131, 133, 135, 136, 137, 138, 141, 142, 143, 144, 145, 146, 147, 148, 149, 151, 153, 154, 156, 158, 159, 162, 163, 164, 165, 166, 167, 168, 170, 171, 172, 173, 174, 175, 178, 179, 180, 181, 182, 183, 184, 185, 186, 187, 188], "excluded_lines": [], "functions": {"print_section": {"executed_lines": [], "summary": {"covered_lines": 0, "num_statements": 3, "percent_covered": 0.0, "percent_covered_display": "0", "missing_lines": 3, "excluded_lines": 0, "percent_statements_covered": 0.0, "percent_statements_covered_display": "0"}, "missing_lines": [17, 18, 19], "excluded_lines": [], "start_line": 15}, "main": {"executed_lines": [], "summary": {"covered_lines": 0, "num_statements": 100, "percent_covered": 0.0, "percent_covered_display": "0", "missing_lines": 100, "excluded_lines": 0, "percent_statements_covered": 0.0, "percent_statements_covered_display": "0"}, "missing_lines": [23, 24, 25, 26, 29, 31, 33, 34, 35, 37, 38, 39, 40, 41, 43, 45, 46, 47, 50, 52, 53, 55, 58, 60, 61, 63, 64, 66, 67, 70, 71, 73, 74, 75, 76, 77, 78, 79, 82, 84, 85, 86, 96, 97, 100, 103, 104, 107, 108, 109, 110, 111, 112, 114, 115, 116, 117, 118, 121, 122, 123, 124, 125, 126, 127, 128, 131, 133, 135, 136, 137, 138, 141, 142, 143, 144, 145, 146, 147, 148, 149, 151, 153, 154, 156, 158, 159, 162, 163, 164, 165, 166, 167, 168, 170, 171, 172, 173, 174, 175], "excluded_lines": [], "start_line": 22}, "": {"executed_lines": [], "summary": {"covered_lines": 0, "num_statements": 23, "percent_covered": 0.0, "percent_covered_display": "0", "missing_lines": 23, "excluded_lines": 0, "percent_statements_covered": 0.0, "percent_st
[...]
5, 118, 141, 142, 145, 173, 201, 233, 234, 237, 253, 254, 277, 278, 281, 282, 312, 313, 314, 317], "summary": {"covered_lines": 37, "num_statements": 37, "percent_covered": 100.0, "percent_covered_display": "100", "missing_lines": 0, "excluded_lines": 0, "percent_statements_covered": 100.0, "percent_statements_covered_display": "100"}, "missing_lines": [], "excluded_lines": [], "start_line": 1}}}, "tests\\test_strategy.py": {"executed_lines": [2, 3, 4, 5, 13, 16, 18, 20, 21, 22, 24, 26, 27, 30, 31, 32, 33, 35, 37, 38, 41, 43, 45, 47, 49, 50, 53, 55, 57, 58, 61, 71, 73, 74, 75, 77, 83, 85, 86, 89, 90, 93, 95, 97, 100, 101, 103, 106, 107, 111, 114, 116, 118, 119, 120, 122, 124, 125, 127, 128, 129, 130, 132, 134, 135, 138, 140, 143, 145, 146, 149, 150, 153, 155, 156, 159, 161, 165, 168, 170, 172, 173, 174, 176, 178, 179, 181, 182, 183, 184, 186, 188, 189, 190, 193, 194, 197, 199, 200, 203, 205, 207, 209, 213, 216, 218, 220, 221, 222, 224, 226, 227, 230, 233, 234, 235, 236, 238, 240, 241, 243, 244, 245, 246, 248, 250, 251, 254, 255, 258, 261, 263, 265, 274, 277, 280, 282, 283, 285, 287, 290, 291, 295, 297, 299, 309, 310, 313, 315, 317, 327, 328, 331, 334, 337, 339, 341, 342, 344, 347, 353, 355, 356, 358, 359, 362, 363], "summary": {"covered_lines": 167, "num_statements": 189, "percent_covered": 88.35978835978835, "percent_covered_display": "88", "missing_lines": 22, "excluded_lines": 0, "percent_statements_covered": 88.35978835978835, "percent_statements_covered_display": "88"}, "missing_lines": [62, 63, 64, 65, 66, 67, 68, 69, 79, 80, 81, 108, 141, 151, 162, 195, 210, 259, 348, 349, 350, 351], "excluded_lines": [], "functions": {"TestVolumeBreakoutStrategy.test_init_default_params": {"executed_lines": [18, 20, 21, 22], "summary": {"covered_lines": 4, "num_statements": 4, "percent_covered": 100.0, "percent_covered_display": "100", "missing_lines": 0, "excluded_lines": 0, "percent_statements_covered": 100.0, "percent_statements_covered_display": "100"}, "missing_lines": [], "excluded_lines": [], "start_line": 16}, "TestVolumeBreakoutStrategy.test_calculate_signals_basic": {"executed_lines": [26, 27, 30, 31, 32, 33], "summary": {"covered_lines": 6, "num_statements": 6, "percent_covered": 100.0, "percent_covered_display": "100", "missing_lines": 0, "excluded_lines": 0, "percent_statements_covered": 100.0, "percent_statements_covered_display": "100"}, "missing_lines": [], "excluded_lines": [], "start_line": 24}, "TestVolumeBreakoutStrategy.test_calculate_signals_ma_columns": {"executed_lines": [37, 38, 41, 43, 45], "summary": {"covered_lines": 5, "num_statements": 5, "percent_covered": 100.0, "percent_covered_display": "100", "missing_lines": 0, "excluded_lines": 0, "percent_statements_covered": 100.0, "percent_statements_covered_display": "100"}, "missing_lines": [], "excluded_lines": [], "start_line": 35}, "TestVolumeBreakoutStrategy.test_get_trades_no_signals": {"executed_lines": [49, 50, 53], "summary": {"covered_lines": 3, "num_statements": 3, "percent_covered": 100.0, "percent_covered_display": "100", "missing_lines": 0, "excluded_lines": 0, "percent_statements_covered": 100.0, "percent_statements_covered_display": "100"}, "missing_lines": [], "excluded_lines": [], "start_line": 47}, "TestVolumeBreakoutStrategy.test_get_trades_with_signals": {"executed_lines": [57, 58, 61], "summary": {"covered_lines": 3, "num_statements": 11, "percent_covered": 27.272727272727273, "percent_covered_display": "27", "missing_lines": 8, "excluded_lines": 0, "percent_statements_covered": 27.272727272727273, "percent_statements_covered_display": "27"}, "missing_lines": [62, 63, 64, 65, 66, 67, 68, 69], "excluded_lines": [], "start_line": 55}, "TestVolumeBreakoutStrategy.test_get_trades_hold_days": {"executed_lines": [73, 74, 75, 77], "summary": {"covered_lines": 4, "num_statements": 7, "percent_covered": 57.142857142857146, "percent_covered_display": "57", "missing_lines": 3, "excluded_lines": 0, "percent_statements_covered": 57.142857142857146, "percent_statements_covered_display": "57"}, "missing_lines": [79, 80, 81], "excluded_lines": [], "start_line": 71}, "TestVolumeBreakoutStrategy.test_get_trades_commission_fee": {"executed_lines": [85, 86, 89, 90, 93, 95], "summary": {"covered_lines": 6, "num_statements": 6, "percent_covered": 100.0, "percent_covered_display": "100", "missing_lines": 0, "excluded_lines": 0, "percent_statements_covered": 100.0, "percent_statements_covered_display": "100"}, "missing_lines": [], "excluded_lines": [], "start_line": 83}, "TestVolumeBreakoutStrategy.test_get_trades_open_position": {"executed_lines": [100, 101, 103, 106, 107], "summary": {"covered_lines": 5, "num_statements": 6, "percent_covered": 83.33333333333333, "percent_covered_display": "83", "missing_lines": 1, "excluded_lines": 0, "percent_statements_covered": 83.33333333333333, "percent_statements_covered_display": "83"}, "missing_lines": [108], "excluded_lines": [], "start_line": 97}, "TestSteadyTrendStrategy.test_init": {"executed_lines": [116, 118, 119, 120], "summary": {"covered_lines": 4, "num_statements": 4, "percent_covered": 100.0, "percent_covered_display": "100", "missing_lines": 0, "excluded_lines": 0, "percent_statements_covered": 100.0, "percent_statements_covered_display": "100"}, "missing_lines": [], "excluded_lines": [], "start_line": 114}, "TestSteadyTrendStrategy.test_calculate_signals": {"executed_lines": [124, 125, 127, 128, 129, 130], "summary": {"covered_lines": 6, "num_statements": 6, "percent_covered": 100.0, "percent_covered_display": "100", "missing_lines": 0, "excluded_lines": 0, "percent_statements_covered": 100.0, "percent_statements_covered_display": "100"}, "missing_lines": [], "excluded_lines": [], "start_line": 122}, "TestSteadyTrendStrategy.test_get_trades_stop_loss": {"executed_lines": [134, 135, 138, 140], "summary": {"covered_lines": 4, "num_statements": 5, "percent_covered": 80.0, "percent_covered_display": "80", "missing_lines": 1, "excluded_lines": 0, "percent_statements_covered": 80.0, "percent_statements_covered_display": "80"}, "missing_lines": [141], "excluded_lines": [], "start_line": 132}, "TestSteadyTrendStrategy.test_get_trades_take_profit": {"executed_lines": [145, 146, 149, 150], "summary": {"covered_lines": 4, "num_statements": 5, "percent_covered": 80.0, "percent_covered_display": "80", "missing_lines": 1, "excluded_lines": 0, "percent_statements_covered": 80.0, "percent_statements_covered_display": "80"}, "missing_lines": [151], "excluded_lines": [], "start_line": 143}, "TestSteadyTrendStrategy.test_get_trades_trailing_stop": {"executed_lines": [155, 156, 159, 161], "summary": {"covered_lines": 4, "num_statements": 5, "percent_covered": 80.0, "percent_covered_display": "80", "missing_lines": 1, "excluded_lines": 0, "percent_statements_covered": 80.0, "percent_statements_covered_display": "80"}, "missing_lines": [162], "excluded_lines": [], "start_line": 153}, "TestAggressiveMomentumStrategy.test_init": {"executed_lines": [170, 172, 173, 174], "summary": {"covered_lines": 4, "num_statements": 4, "percent_covered": 100.0, "percent_covered_display": "100", "missing_lines": 0, "excluded_lines": 0, "percent_statements_covered": 100.0, "percent_statements_covered_display": "100"}, "missing_lines": [], "excluded_lines": [], "start_line": 168}, "TestAggressiveMomentumStrategy.test_calculate_signals": {"executed_lines": [178, 179, 181, 182, 183, 184], "summary": {"covered_lines": 6, "num_statements": 6, "percent_covered": 100.0, "percent_covered_display": "100", "missing_lines": 0, "excluded_lines": 0, "percent_statements_covered": 100.0, "percent_statements_covered_display": "100"}, "missing_lines": [], "excluded_lines": [], "start_line": 176}, "TestAggressiveMomentumStrategy.test_get_trades_max_hold_days": {"executed_lines": [188, 189, 190, 193, 194], "summary": {"covered_lines": 5, "num_statements": 6, "percent_covered": 83.33333333333333, "percent_covered_display": "83", "missing_lines": 1, "excluded_lines": 0, "percent_statements_covered": 83.33333333333333, "percent_statements_covered_display": "83"}, "missing_lines": [195], "excluded_lines": [], "start_line": 186}, "TestAggressiveMomentumStrategy.test_get_trades_atr_stop": {"executed_lines": [199, 200, 203, 205, 207, 209], "summary": {"covered_lines": 6, "num_statements": 7, "percent_covered": 85.71428571428571, "percent_covered_display": "86", "missing_lines": 1, "excluded_lines": 0, "percent_statements_covered": 85.71428571428571, "percent_statements_covered_display": "86"}, "missing_lines": [210], "excluded_lines": [], "start_line": 197}, "TestBalancedMultiFactorStrategy.test_init": {"executed_lines": [218, 220, 221, 222], "summary": {"covered_lines": 4, "num_statements": 4, "percent_covered": 100.0, "percent_covered_display": "100", "missing_lines": 0, "excluded_lines": 0, "percent_statements_covered": 100.0, "percent_statements_covered_display": "100"}, "missing_lines": [], "excluded_lines": [], "start_line": 216}, "TestBalancedMultiFactorStrategy.test_calculate_factor_score": {"executed_lines": [226, 227, 230, 233, 234, 235, 236], "summary": {"covered_lines": 7, "num_statements": 7, "percent_covered": 100.0, "percent_covered_display": "100", "missing_lines": 0, "excluded_lines": 0, "percent_statements_covered": 100.0, "percent_statements_covered_display": "100"}, "missing_lines": [], "excluded_lines": [], "start_line": 224}, "TestBalancedMultiFactorStrategy.test_calculate_signals": {"executed_lines": [240, 241, 243, 244, 245, 246], "summary": {"covered_lines": 6, "num_statements": 6, "percent_covered": 100.0, "percent_covered_display": "100", "missing_lines": 0, "excluded_lines": 0, "percent_statements_covered": 100.0, "percent_statements_covered_display": "100"}, "missing_lines": [], "excluded_lines": [], "start_line": 238}, "TestBalancedMultiFactorStrategy.test_get_trades_tiered_profit_taking": {"executed_lines": [250, 251, 254, 255, 258], "summary": {"covered_lines": 5, "num_statements": 6, "percent_covered": 83.33333333333333, "percent_covered_display": "83", "missing_lines": 1, "excluded_lines": 0, "percent_statements_covered": 83.33333333333333, "percent_statements_covered_display": "83"}, "missing_lines": [259], "excluded_lines": [], "start_line": 248}, "TestBalancedMultiFactorStrategy.test_factor_weights_sum": {"executed_lines": [263, 265, 274], "summary": {"covered_lines": 3, "num_statements": 3, "percent_covered": 100.0, "percent_covered_display": "100", "missing_lines": 0, "excluded_lines": 0, "percent_statements_covered": 100.0, "percent_statements_covered_display": "100"}, "missing_lines": [], "excluded_lines": [], "start_line": 261}, "TestStrategyEdgeCases.test_empty_dataframe": {"executed_lines": [282, 283, 285], "summary": {"covered_lines": 3, "num_statements": 3, "percent_covered": 100.0, "percent_covered_display": "100", "missing_lines": 0, "excluded_lines": 0, "percent_statements_covered": 100.0, "percent_statements_covered_display": "100"}, "missing_lines": [], "excluded_lines": [], "start_line": 280}, "TestStrategyEdgeCases.test_insufficient_data": {"executed_lines": [290, 291, 295], "summary": {"covered_lines": 3, "num_statements": 3, "percent_covered": 100.0, "percent_covered_display": "100", "missing_lines": 0, "excluded_lines": 0, "percent_statements_covered": 100.0, "percent_statements_covered_display": "100"}, "missing_lines": [], "excluded_lines": [], "start_line": 287}, "TestStrategyEdgeCases.test_all_nan_prices": {"executed_lines": [299, 309, 310, 313], "summary": {"covered_lines": 4, "num_statements": 4, "percent_covered": 100.0, "percent_covered_display": "100", "missing_lines": 0, "excluded_lines": 0, "percent_statements_covered": 100.0, "percent_statements_covered_display": "100"}, "missing_lines": [], "excluded_lines": [], "start_line": 297}, "TestStrategyEdgeCases.test_zero_volume": {"executed_lines": [317, 327, 328, 331], "summary": {"covered_lines": 4, "num_statements": 4, "percent_covered": 100.0, "percent_covered_display": "100", "missing_lines": 0, "excluded_lines": 0, "percent_statements_covered": 100.0, "percent_statements_covered_display": "100"}, "missing_lines": [], "excluded_lines": [], "start_line": 315}, "TestStrategyConsistency.test_same_data_same_result": {"executed_lines": [339, 341, 342, 344, 347], "summary": {"covered_lines": 5, "num_statements": 9, "percent_covered": 55.55555555555556, "percent_covered_display": "56", "missing_lines": 4, "excluded_lines": 0, "percent_statements_covered": 55.55555555555556, "percent_statements_covered_display": "56"}, "missing_lines": [348, 349, 350, 351], "excluded_lines": [], "start_line": 337}, "TestStrategyConsistency.test_signals_not_modify_original_data": {"executed_lines": [355, 356, 358, 359, 362, 363], "summary": {"covered_lines": 6, "num_statements": 6, "percent_covered": 100.0, "percent_covered_display": "100", "missing_lines": 0, "excluded_lines": 0, "percent_statements_covered": 100.0, "percent_statements_covered_display": "100"}, "missing_lines": [], "excluded_lines": [], "start_line": 353}, "": {"executed_lines": [2, 3, 4, 5, 13, 16, 24, 35, 47, 55, 71, 83, 97, 111, 114, 122, 132, 143, 153, 165, 168, 176, 186, 197, 213, 216, 224, 238, 248, 261, 277, 280, 287, 297, 315, 334, 337, 353], "summary": {"covered_lines": 38, "num_statements": 38, "percent_covered": 100.0, "percent_covered_display": "100", "missing_lines": 0, "excluded_lines": 0, "percent_statements_covered": 100.0, "percent_statements_covered_display": "100"}, "missing_lines": [], "excluded_lines": [], "start_line": 1}}, "classes": {"TestVolumeBreakoutStrategy": {"executed_lines": [18, 20, 21, 22, 26, 27, 30, 31, 32, 33, 37, 38, 41, 43, 45, 49, 50, 53, 57, 58, 61, 73, 74, 75, 77, 85, 86, 89, 90, 93, 95, 100, 101, 103, 106, 107], "summary": {"covered_lines": 36, "num_statements": 48, "percent_covered": 75.0, "percent_covered_display": "75", "missing_lines": 12, "excluded_lines": 0, "percent_statements_covered": 75.0, "percent_statements_covered_display": "75"}, "missing_lines": [62, 63, 64, 65, 66, 67, 68, 69, 79, 80, 81, 108], "excluded_lines": [], "start_line": 13}, "TestSteadyTrendStrategy": {"executed_lines": [116, 118, 119, 120, 124, 125, 127, 128, 129, 130, 134, 135, 138, 140, 145, 146, 149, 150, 155, 156, 159, 161], "summary": {"covered_lines": 22, "num_statements": 25, "percent_covered": 88.0, "percent_covered_display": "88", "missing_lines": 3, "excluded_lines": 0, "percent_statements_covered": 88.0, "percent_statements_covered_display": "88"}, "missing_lines": [141, 151, 162], "excluded_lines": [], "start_line": 111}, "TestAggressiveMomentumStrategy": {"executed_lines": [170, 172, 173, 174, 178, 179, 181, 182, 183, 184, 188, 189, 190, 193, 194, 199, 200, 203, 205, 207, 209], "summary": {"covered_lines": 21, "num_statements": 23, "percent_covered": 91.30434782608695, "percent_covered_display": "91", "missing_lines": 2, "excluded_lines": 0, "percent_statements_covered": 91.30434782608695, "percent_statements_covered_display": "91"}, "missing_lines": [195, 210], "excluded_lines": [], "start_line": 165}, "TestBalancedMultiFactorStrategy": {"executed_lines": [218, 220, 221, 222, 226, 227, 230, 233, 234, 235, 236, 240, 241, 243, 244, 245, 246, 250, 251, 254, 255, 258, 263, 265, 274], "summary": {"covered_lines": 25, "num_statements": 26, "percent_covered": 96.15384615384616, "percent_covered_display": "96", "missing_lines": 1, "excluded_lines": 0, "percent_statements_covered": 96.15384615384616, "percent_statements_covered_display": "96"}, "missing_lines": [259], "excluded_lines": [], "start_line": 213}, "TestStrategyEdgeCases": {"executed_lines": [282, 283, 285, 290, 291, 295, 299, 309, 310, 313, 317, 327, 328, 331], "summary": {"covered_lines": 14, "num_statements": 14, "percent_covered": 100.0, "percent_covered_display": "100", "missing_lines": 0, "excluded_lines": 0, "percent_statements_covered": 100.0, "percent_statements_covered_display": "100"}, "missing_lines": [], "excluded_lines": [], "start_line": 277}, "TestStrategyConsistency": {"executed_lines": [339, 341, 342, 344, 347, 355, 356, 358, 359, 362, 363], "summary": {"covered_lines": 11, "num_statements": 15, "percent_covered": 73.33333333333333, "percent_covered_display": "73", "missing_lines": 4, "excluded_lines": 0, "percent_statements_covered": 73.33333333333333, "percent_statements_covered_display": "73"}, "missing_lines": [348, 349, 350, 351], "excluded_lines": [], "start_line": 334}, "": {"executed_lines": [2, 3, 4, 5, 13, 16, 24, 35, 47, 55, 71, 83, 97, 111, 114, 122, 132, 143, 153, 165, 168, 176, 186, 197, 213, 216, 224, 238, 248, 261, 277, 280, 287, 297, 315, 334, 337, 353], "summary": {"covered_lines": 38, "num_statements": 38, "percent_covered": 100.0, "percent_covered_display": "100", "missing_lines": 0, "excluded_lines": 0, "percent_statements_covered": 100.0, "percent_statements_covered_display": "100"}, "missing_lines": [], "excluded_lines": [], "start_line": 1}}}, "visualizer.py": {"executed_lines": [], "summary": {"covered_lines": 0, "num_statements": 68, "percent_covered": 0.0, "percent_covered_display": "0", "missing_lines": 68, "excluded_lines": 0, "percent_statements_covered": 0.0, "percent_statements_covered_display": "0"}, "missing_lines": [2, 3, 4, 5, 8, 9, 12, 14, 17, 18, 19, 22, 23, 25, 27, 30, 31, 32, 33, 36, 38, 39, 40, 41, 44, 45, 46, 47, 48, 50, 51, 54, 56, 57, 60, 61, 62, 70, 74, 76, 77, 83, 84, 85, 86, 87, 88, 89, 92, 93, 94, 95, 96, 98, 101, 102, 103, 109, 112, 113, 116, 118, 119, 121, 122, 123, 125, 126], "excluded_lines": [], "functions": {"plot_stock_with_signals": {"executed_lines": [], "summary": {"covered_lines": 0, "num_statements": 24, "percent_covered": 0.0, "percent_covered_display": "0", "missing_lines": 24, "excluded_lines": 0, "percent_statements_covered": 0.0, "percent_statements_covered_display": "0"}, "missing_lines": [14, 17, 18, 19, 22, 23, 25, 27, 30, 31, 32, 33, 36, 38, 39, 40, 41, 44, 45, 46, 47, 48, 50, 51], "excluded_lines": [], "start_line": 12}, "plot_results_summary": {"executed_lines": [], "summary": {"covered_lines": 0, "num_statements": 28, "percent_covered": 0.0, "percent_covered_display": "0", "missing_lines": 28, "excluded_lines": 0, "percent_statements_covered": 0.0, "percent_statements_covered_display": "0"}, "missing_lines": [56, 57, 60, 61, 62, 70, 74, 76, 77, 83, 84, 85, 86, 87, 88, 89, 92, 93, 94, 95, 96, 98, 101, 102, 103, 109, 112, 113], "excluded_lines": [], "start_line": 54}, "save_trades_to_csv": {"executed_lines": [], "summary": {"covered_lines": 0, "num_statements": 7, "percent_covered": 0.0, "percent_covered_display": "0", "missing_lines": 7, "excluded_lines": 0, "percent_statements_covered": 0.0, "percent_statements_covered_display": "0"}, "missing_lines": [118, 119, 121, 122, 123, 125, 126], "excluded_lines": [], "start_line": 116}, "": {"executed_lines": [], "summary": {"covered_lines": 0, "num_statements": 9, "percent_covered": 0.0, "percent_covered_display": "0", "missing_lines": 9, "excluded_lines": 0, "percent_statements_covered": 0.0, "percent_statements_covered_display": "0"}, "missing_lines": [2, 3, 4, 5, 8, 9, 12, 54, 116], "excluded_lines": [], "start_line": 1}}, "classes": {"": {"executed_lines": [], "summary": {"covered_lines": 0, "num_statements": 68, "percent_covered": 0.0, "percent_covered_display": "0", "missing_lines": 68, "excluded_lines": 0, "percent_statements_covered": 0.0, "percent_statements_covered_display": "0"}, "missing_lines": [2, 3, 4, 5, 8, 9, 12, 14, 17, 18, 19, 22, 23, 25, 27, 30, 31, 32, 33, 36, 38, 39, 40, 41, 44, 45, 46, 47, 48, 50, 51, 54, 56, 57, 60, 61, 62, 70, 74, 76, 77, 83, 84, 85, 86, 87, 88, 89, 92, 93, 94, 95, 96, 98, 101, 102, 103, 109, 112, 113, 116, 118, 119, 121, 122, 123, 125, 126], "excluded_lines": [], "start_line": 1}}}}, "totals": {"covered_lines": 1629, "num_statements": 4255, "percent_covered": 38.28437132784959, "percent_covered_display": "38", "missing_lines": 2626, "excluded_lines": 0, "percent_statements_covered": 38.28437132784959, "percent_statements_covered_display": "38"}}